{"/home/jfmajurel/Documents/cod-19/src/App.js": {"path":"/home/jfmajurel/Documents/cod-19/src/App.js","statementMap":{"0":{"start":{"line":24,"column":32},"end":{"line":24,"column":44}},"1":{"start":{"line":25,"column":42},"end":{"line":25,"column":54}},"2":{"start":{"line":26,"column":42},"end":{"line":26,"column":54}},"3":{"start":{"line":27,"column":42},"end":{"line":27,"column":57}},"4":{"start":{"line":30,"column":4},"end":{"line":30,"column":34}},"5":{"start":{"line":31,"column":4},"end":{"line":38,"column":5}},"6":{"start":{"line":32,"column":6},"end":{"line":35,"column":9}},"7":{"start":{"line":33,"column":8},"end":{"line":34,"column":35}},"8":{"start":{"line":33,"column":24},"end":{"line":33,"column":65}},"9":{"start":{"line":34,"column":13},"end":{"line":34,"column":35}},"10":{"start":{"line":37,"column":6},"end":{"line":37,"column":47}},"11":{"start":{"line":42,"column":4},"end":{"line":46,"column":7}},"12":{"start":{"line":45,"column":43},"end":{"line":45,"column":76}},"13":{"start":{"line":48,"column":4},"end":{"line":56,"column":5}},"14":{"start":{"line":49,"column":6},"end":{"line":49,"column":28}},"15":{"start":{"line":50,"column":6},"end":{"line":50,"column":49}},"16":{"start":{"line":52,"column":6},"end":{"line":52,"column":29}},"17":{"start":{"line":53,"column":6},"end":{"line":55,"column":9}},"18":{"start":{"line":59,"column":2},"end":{"line":61,"column":9}},"19":{"start":{"line":60,"column":4},"end":{"line":60,"column":47}},"20":{"start":{"line":63,"column":2},"end":{"line":63,"column":56}},"21":{"start":{"line":64,"column":2},"end":{"line":99,"column":4}}},"fnMap":{"0":{"name":"App","decl":{"start":{"line":23,"column":24},"end":{"line":23,"column":27}},"loc":{"start":{"line":23,"column":30},"end":{"line":100,"column":1}},"line":23},"1":{"name":"handleConnexion","decl":{"start":{"line":29,"column":11},"end":{"line":29,"column":26}},"loc":{"start":{"line":29,"column":41},"end":{"line":39,"column":3}},"line":29},"2":{"name":"(anonymous_2)","decl":{"start":{"line":32,"column":48},"end":{"line":32,"column":49}},"loc":{"start":{"line":32,"column":63},"end":{"line":35,"column":7}},"line":32},"3":{"name":"handleProfileSubmition","decl":{"start":{"line":41,"column":11},"end":{"line":41,"column":33}},"loc":{"start":{"line":41,"column":46},"end":{"line":57,"column":3}},"line":41},"4":{"name":"(anonymous_4)","decl":{"start":{"line":45,"column":36},"end":{"line":45,"column":37}},"loc":{"start":{"line":45,"column":43},"end":{"line":45,"column":76}},"line":45},"5":{"name":"(anonymous_5)","decl":{"start":{"line":59,"column":12},"end":{"line":59,"column":13}},"loc":{"start":{"line":59,"column":18},"end":{"line":61,"column":3}},"line":59}},"branchMap":{"0":{"loc":{"start":{"line":31,"column":4},"end":{"line":38,"column":5}},"type":"if","locations":[{"start":{"line":31,"column":4},"end":{"line":38,"column":5}},{"start":{"line":31,"column":4},"end":{"line":38,"column":5}}],"line":31},"1":{"loc":{"start":{"line":33,"column":8},"end":{"line":34,"column":35}},"type":"if","locations":[{"start":{"line":33,"column":8},"end":{"line":34,"column":35}},{"start":{"line":33,"column":8},"end":{"line":34,"column":35}}],"line":33},"2":{"loc":{"start":{"line":48,"column":4},"end":{"line":56,"column":5}},"type":"if","locations":[{"start":{"line":48,"column":4},"end":{"line":56,"column":5}},{"start":{"line":48,"column":4},"end":{"line":56,"column":5}}],"line":48}},"s":{"0":0,"1":0,"2":0,"3":0,"4":0,"5":0,"6":0,"7":0,"8":0,"9":0,"10":0,"11":0,"12":0,"13":0,"14":0,"15":0,"16":0,"17":0,"18":0,"19":0,"20":0,"21":0},"f":{"0":0,"1":0,"2":0,"3":0,"4":0,"5":0},"b":{"0":[0,0],"1":[0,0],"2":[0,0]},"hash":"ffae67c265255e8fbe7b325f6b3c6c0d18678f1c"}
,"/home/jfmajurel/Documents/cod-19/src/i18n.js": {"path":"/home/jfmajurel/Documents/cod-19/src/i18n.js","statementMap":{"0":{"start":{"line":9,"column":18},"end":{"line":12,"column":1}},"1":{"start":{"line":14,"column":0},"end":{"line":28,"column":5}}},"fnMap":{},"branchMap":{},"s":{"0":3,"1":3},"f":{},"b":{},"_coverageSchema":"43e27e138ebf9cfc5966b082cf9a028302ed4184","hash":"5adf3867da17b1ac2cb00e08d5542091a4cee415"}
,"/home/jfmajurel/Documents/cod-19/src/index.js": {"path":"/home/jfmajurel/Documents/cod-19/src/index.js","statementMap":{"0":{"start":{"line":7,"column":20},"end":{"line":7,"column":51}},"1":{"start":{"line":8,"column":0},"end":{"line":13,"column":2}}},"fnMap":{},"branchMap":{},"s":{"0":0,"1":0},"f":{},"b":{},"hash":"27b9cd62f12178baa6251e8c2bbaedd8c7fed50d"}
,"/home/jfmajurel/Documents/cod-19/src/Auth/Auth.js": {"path":"/home/jfmajurel/Documents/cod-19/src/Auth/Auth.js","statementMap":{"0":{"start":{"line":5,"column":4},"end":{"line":13,"column":7}},"1":{"start":{"line":15,"column":4},"end":{"line":15,"column":49}},"2":{"start":{"line":16,"column":4},"end":{"line":16,"column":69}},"3":{"start":{"line":17,"column":4},"end":{"line":17,"column":59}},"4":{"start":{"line":18,"column":4},"end":{"line":18,"column":41}},"5":{"start":{"line":19,"column":4},"end":{"line":19,"column":43}},"6":{"start":{"line":23,"column":4},"end":{"line":23,"column":24}},"7":{"start":{"line":27,"column":4},"end":{"line":27,"column":24}},"8":{"start":{"line":31,"column":4},"end":{"line":31,"column":49}},"9":{"start":{"line":34,"column":17},"end":{"line":35,"column":64}},"10":{"start":{"line":35,"column":4},"end":{"line":35,"column":64}},"11":{"start":{"line":38,"column":4},"end":{"line":38,"column":27}},"12":{"start":{"line":42,"column":4},"end":{"line":54,"column":7}},"13":{"start":{"line":43,"column":6},"end":{"line":53,"column":9}},"14":{"start":{"line":44,"column":8},"end":{"line":44,"column":36}},"15":{"start":{"line":44,"column":17},"end":{"line":44,"column":36}},"16":{"start":{"line":45,"column":8},"end":{"line":47,"column":9}},"17":{"start":{"line":46,"column":10},"end":{"line":46,"column":29}},"18":{"start":{"line":48,"column":8},"end":{"line":48,"column":42}},"19":{"start":{"line":49,"column":8},"end":{"line":49,"column":49}},"20":{"start":{"line":51,"column":8},"end":{"line":51,"column":62}},"21":{"start":{"line":52,"column":8},"end":{"line":52,"column":18}},"22":{"start":{"line":59,"column":4},"end":{"line":59,"column":24}},"23":{"start":{"line":60,"column":4},"end":{"line":60,"column":24}},"24":{"start":{"line":61,"column":4},"end":{"line":61,"column":26}},"25":{"start":{"line":65,"column":20},"end":{"line":65,"column":30}}},"fnMap":{"0":{"name":"(anonymous_0)","decl":{"start":{"line":4,"column":2},"end":{"line":4,"column":3}},"loc":{"start":{"line":4,"column":16},"end":{"line":20,"column":3}},"line":4},"1":{"name":"(anonymous_1)","decl":{"start":{"line":22,"column":2},"end":{"line":22,"column":3}},"loc":{"start":{"line":22,"column":15},"end":{"line":24,"column":3}},"line":22},"2":{"name":"(anonymous_2)","decl":{"start":{"line":26,"column":2},"end":{"line":26,"column":3}},"loc":{"start":{"line":26,"column":15},"end":{"line":28,"column":3}},"line":26},"3":{"name":"(anonymous_3)","decl":{"start":{"line":30,"column":2},"end":{"line":30,"column":3}},"loc":{"start":{"line":30,"column":20},"end":{"line":32,"column":3}},"line":30},"4":{"name":"(anonymous_4)","decl":{"start":{"line":34,"column":17},"end":{"line":34,"column":18}},"loc":{"start":{"line":35,"column":4},"end":{"line":35,"column":64}},"line":35},"5":{"name":"(anonymous_5)","decl":{"start":{"line":37,"column":2},"end":{"line":37,"column":3}},"loc":{"start":{"line":37,"column":11},"end":{"line":39,"column":3}},"line":37},"6":{"name":"(anonymous_6)","decl":{"start":{"line":41,"column":2},"end":{"line":41,"column":3}},"loc":{"start":{"line":41,"column":25},"end":{"line":55,"column":3}},"line":41},"7":{"name":"(anonymous_7)","decl":{"start":{"line":42,"column":23},"end":{"line":42,"column":24}},"loc":{"start":{"line":42,"column":44},"end":{"line":54,"column":5}},"line":42},"8":{"name":"(anonymous_8)","decl":{"start":{"line":43,"column":27},"end":{"line":43,"column":28}},"loc":{"start":{"line":43,"column":48},"end":{"line":53,"column":7}},"line":43},"9":{"name":"(anonymous_9)","decl":{"start":{"line":57,"column":2},"end":{"line":57,"column":3}},"loc":{"start":{"line":57,"column":12},"end":{"line":62,"column":3}},"line":57}},"branchMap":{"0":{"loc":{"start":{"line":44,"column":8},"end":{"line":44,"column":36}},"type":"if","locations":[{"start":{"line":44,"column":8},"end":{"line":44,"column":36}},{"start":{"line":44,"column":8},"end":{"line":44,"column":36}}],"line":44},"1":{"loc":{"start":{"line":45,"column":8},"end":{"line":47,"column":9}},"type":"if","locations":[{"start":{"line":45,"column":8},"end":{"line":47,"column":9}},{"start":{"line":45,"column":8},"end":{"line":47,"column":9}}],"line":45},"2":{"loc":{"start":{"line":45,"column":12},"end":{"line":45,"column":46}},"type":"binary-expr","locations":[{"start":{"line":45,"column":12},"end":{"line":45,"column":23}},{"start":{"line":45,"column":27},"end":{"line":45,"column":46}}],"line":45}},"s":{"0":0,"1":0,"2":0,"3":0,"4":0,"5":0,"6":0,"7":0,"8":0,"9":0,"10":0,"11":0,"12":0,"13":0,"14":0,"15":0,"16":0,"17":0,"18":0,"19":0,"20":0,"21":0,"22":0,"23":0,"24":0,"25":0},"f":{"0":0,"1":0,"2":0,"3":0,"4":0,"5":0,"6":0,"7":0,"8":0,"9":0},"b":{"0":[0,0],"1":[0,0],"2":[0,0]},"hash":"11a89f4d1b13846094dc4c77fcb3682af18fc380"}
,"/home/jfmajurel/Documents/cod-19/src/Auth/Callback.js": {"path":"/home/jfmajurel/Documents/cod-19/src/Auth/Callback.js","statementMap":{"0":{"start":{"line":7,"column":4},"end":{"line":7,"column":45}},"1":{"start":{"line":8,"column":4},"end":{"line":8,"column":54}},"2":{"start":{"line":9,"column":4},"end":{"line":11,"column":40}},"3":{"start":{"line":15,"column":4},"end":{"line":15,"column":37}}},"fnMap":{"0":{"name":"(anonymous_0)","decl":{"start":{"line":6,"column":2},"end":{"line":6,"column":3}},"loc":{"start":{"line":6,"column":28},"end":{"line":12,"column":3}},"line":6},"1":{"name":"(anonymous_1)","decl":{"start":{"line":14,"column":2},"end":{"line":14,"column":3}},"loc":{"start":{"line":14,"column":11},"end":{"line":16,"column":3}},"line":14}},"branchMap":{"0":{"loc":{"start":{"line":9,"column":4},"end":{"line":11,"column":39}},"type":"cond-expr","locations":[{"start":{"line":10,"column":8},"end":{"line":10,"column":46}},{"start":{"line":11,"column":8},"end":{"line":11,"column":39}}],"line":9}},"s":{"0":0,"1":0,"2":0,"3":0},"f":{"0":0,"1":0},"b":{"0":[0,0]},"hash":"09a1b4efdc765282500cc00b40ef68d6b7bfbe6c"}
,"/home/jfmajurel/Documents/cod-19/src/Auth/SecuredRoute.js": {"path":"/home/jfmajurel/Documents/cod-19/src/Auth/SecuredRoute.js","statementMap":{"0":{"start":{"line":6,"column":57},"end":{"line":6,"column":62}},"1":{"start":{"line":7,"column":2},"end":{"line":18,"column":4}},"2":{"start":{"line":11,"column":8},"end":{"line":14,"column":9}},"3":{"start":{"line":12,"column":10},"end":{"line":12,"column":31}},"4":{"start":{"line":13,"column":10},"end":{"line":13,"column":29}},"5":{"start":{"line":15,"column":8},"end":{"line":15,"column":49}}},"fnMap":{"0":{"name":"SecuredRoute","decl":{"start":{"line":5,"column":9},"end":{"line":5,"column":21}},"loc":{"start":{"line":5,"column":29},"end":{"line":19,"column":1}},"line":5},"1":{"name":"(anonymous_1)","decl":{"start":{"line":10,"column":14},"end":{"line":10,"column":15}},"loc":{"start":{"line":10,"column":20},"end":{"line":16,"column":7}},"line":10}},"branchMap":{"0":{"loc":{"start":{"line":11,"column":8},"end":{"line":14,"column":9}},"type":"if","locations":[{"start":{"line":11,"column":8},"end":{"line":14,"column":9}},{"start":{"line":11,"column":8},"end":{"line":14,"column":9}}],"line":11}},"s":{"0":0,"1":0,"2":0,"3":0,"4":0,"5":0},"f":{"0":0,"1":0},"b":{"0":[0,0]},"hash":"60d199e1c46915f112bdb89e21d21b674fcda139"}
,"/home/jfmajurel/Documents/cod-19/src/Components/Address.js": {"path":"/home/jfmajurel/Documents/cod-19/src/Components/Address.js","statementMap":{"0":{"start":{"line":4,"column":16},"end":{"line":88,"column":1}},"1":{"start":{"line":5,"column":2},"end":{"line":13,"column":6}},"2":{"start":{"line":6,"column":4},"end":{"line":13,"column":6}},"3":{"start":{"line":14,"column":32},"end":{"line":14,"column":57}},"4":{"start":{"line":15,"column":20},"end":{"line":15,"column":36}},"5":{"start":{"line":17,"column":2},"end":{"line":87,"column":4}},"6":{"start":{"line":25,"column":12},"end":{"line":25,"column":65}},"7":{"start":{"line":26,"column":12},"end":{"line":26,"column":63}},"8":{"start":{"line":36,"column":12},"end":{"line":36,"column":65}},"9":{"start":{"line":37,"column":12},"end":{"line":37,"column":63}},"10":{"start":{"line":47,"column":12},"end":{"line":47,"column":61}},"11":{"start":{"line":48,"column":12},"end":{"line":48,"column":59}},"12":{"start":{"line":58,"column":12},"end":{"line":58,"column":65}},"13":{"start":{"line":59,"column":12},"end":{"line":59,"column":63}},"14":{"start":{"line":69,"column":12},"end":{"line":69,"column":62}},"15":{"start":{"line":70,"column":12},"end":{"line":70,"column":60}},"16":{"start":{"line":81,"column":12},"end":{"line":81,"column":64}},"17":{"start":{"line":82,"column":12},"end":{"line":82,"column":62}}},"fnMap":{"0":{"name":"(anonymous_0)","decl":{"start":{"line":4,"column":16},"end":{"line":4,"column":17}},"loc":{"start":{"line":4,"column":51},"end":{"line":88,"column":1}},"line":4},"1":{"name":"(anonymous_1)","decl":{"start":{"line":24,"column":20},"end":{"line":24,"column":21}},"loc":{"start":{"line":24,"column":27},"end":{"line":27,"column":11}},"line":24},"2":{"name":"(anonymous_2)","decl":{"start":{"line":35,"column":20},"end":{"line":35,"column":21}},"loc":{"start":{"line":35,"column":27},"end":{"line":38,"column":11}},"line":35},"3":{"name":"(anonymous_3)","decl":{"start":{"line":46,"column":20},"end":{"line":46,"column":21}},"loc":{"start":{"line":46,"column":27},"end":{"line":49,"column":11}},"line":46},"4":{"name":"(anonymous_4)","decl":{"start":{"line":57,"column":20},"end":{"line":57,"column":21}},"loc":{"start":{"line":57,"column":27},"end":{"line":60,"column":11}},"line":57},"5":{"name":"(anonymous_5)","decl":{"start":{"line":68,"column":20},"end":{"line":68,"column":21}},"loc":{"start":{"line":68,"column":27},"end":{"line":71,"column":11}},"line":68},"6":{"name":"(anonymous_6)","decl":{"start":{"line":80,"column":20},"end":{"line":80,"column":21}},"loc":{"start":{"line":80,"column":27},"end":{"line":83,"column":11}},"line":80}},"branchMap":{"0":{"loc":{"start":{"line":5,"column":2},"end":{"line":13,"column":6}},"type":"if","locations":[{"start":{"line":5,"column":2},"end":{"line":13,"column":6}},{"start":{"line":5,"column":2},"end":{"line":13,"column":6}}],"line":5},"1":{"loc":{"start":{"line":5,"column":6},"end":{"line":5,"column":48}},"type":"binary-expr","locations":[{"start":{"line":5,"column":6},"end":{"line":5,"column":22}},{"start":{"line":5,"column":26},"end":{"line":5,"column":48}}],"line":5}},"s":{"0":1,"1":1,"2":0,"3":1,"4":1,"5":1,"6":0,"7":0,"8":0,"9":0,"10":0,"11":0,"12":0,"13":0,"14":0,"15":0,"16":0,"17":0},"f":{"0":1,"1":0,"2":0,"3":0,"4":0,"5":0,"6":0},"b":{"0":[0,1],"1":[1,1]},"_coverageSchema":"43e27e138ebf9cfc5966b082cf9a028302ed4184","hash":"7d36e75d8d24a93eee12b9baa44b5aad308ed3c8"}
,"/home/jfmajurel/Documents/cod-19/src/Components/AllGood.js": {"path":"/home/jfmajurel/Documents/cod-19/src/Components/AllGood.js","statementMap":{"0":{"start":{"line":5,"column":16},"end":{"line":29,"column":2}},"1":{"start":{"line":7,"column":20},"end":{"line":7,"column":36}},"2":{"start":{"line":8,"column":2},"end":{"line":29,"column":1}}},"fnMap":{"0":{"name":"(anonymous_0)","decl":{"start":{"line":5,"column":16},"end":{"line":5,"column":17}},"loc":{"start":{"line":5,"column":22},"end":{"line":29,"column":2}},"line":5}},"branchMap":{},"s":{"0":1,"1":2,"2":2},"f":{"0":2},"b":{},"_coverageSchema":"43e27e138ebf9cfc5966b082cf9a028302ed4184","hash":"bb25ff2f2bdd7b479f55270dbfba5c407aa602a5"}
,"/home/jfmajurel/Documents/cod-19/src/Components/FirstStepScreening.js": {"path":"/home/jfmajurel/Documents/cod-19/src/Components/FirstStepScreening.js","statementMap":{"0":{"start":{"line":7,"column":4},"end":{"line":7,"column":17}},"1":{"start":{"line":9,"column":4},"end":{"line":11,"column":6}},"2":{"start":{"line":14,"column":17},"end":{"line":17,"column":3}},"3":{"start":{"line":15,"column":4},"end":{"line":15,"column":27}},"4":{"start":{"line":16,"column":4},"end":{"line":16,"column":53}},"5":{"start":{"line":19,"column":17},"end":{"line":37,"column":3}},"6":{"start":{"line":20,"column":23},"end":{"line":20,"column":41}},"7":{"start":{"line":21,"column":21},"end":{"line":21,"column":41}},"8":{"start":{"line":22,"column":27},"end":{"line":22,"column":59}},"9":{"start":{"line":23,"column":25},"end":{"line":25,"column":5}},"10":{"start":{"line":24,"column":19},"end":{"line":24,"column":41}},"11":{"start":{"line":26,"column":4},"end":{"line":33,"column":5}},"12":{"start":{"line":27,"column":6},"end":{"line":27,"column":62}},"13":{"start":{"line":27,"column":28},"end":{"line":27,"column":62}},"14":{"start":{"line":29,"column":6},"end":{"line":32,"column":10}},"15":{"start":{"line":30,"column":8},"end":{"line":32,"column":10}},"16":{"start":{"line":31,"column":23},"end":{"line":31,"column":45}},"17":{"start":{"line":34,"column":4},"end":{"line":36,"column":7}},"18":{"start":{"line":40,"column":20},"end":{"line":49,"column":5}},"19":{"start":{"line":50,"column":4},"end":{"line":80,"column":6}},"20":{"start":{"line":58,"column":16},"end":{"line":72,"column":21}}},"fnMap":{"0":{"name":"(anonymous_0)","decl":{"start":{"line":6,"column":2},"end":{"line":6,"column":3}},"loc":{"start":{"line":6,"column":21},"end":{"line":12,"column":3}},"line":6},"1":{"name":"(anonymous_1)","decl":{"start":{"line":14,"column":17},"end":{"line":14,"column":18}},"loc":{"start":{"line":14,"column":28},"end":{"line":17,"column":3}},"line":14},"2":{"name":"(anonymous_2)","decl":{"start":{"line":19,"column":17},"end":{"line":19,"column":18}},"loc":{"start":{"line":19,"column":28},"end":{"line":37,"column":3}},"line":19},"3":{"name":"(anonymous_3)","decl":{"start":{"line":24,"column":6},"end":{"line":24,"column":7}},"loc":{"start":{"line":24,"column":19},"end":{"line":24,"column":41}},"line":24},"4":{"name":"(anonymous_4)","decl":{"start":{"line":31,"column":10},"end":{"line":31,"column":11}},"loc":{"start":{"line":31,"column":23},"end":{"line":31,"column":45}},"line":31},"5":{"name":"(anonymous_5)","decl":{"start":{"line":39,"column":2},"end":{"line":39,"column":3}},"loc":{"start":{"line":39,"column":11},"end":{"line":81,"column":3}},"line":39},"6":{"name":"(anonymous_6)","decl":{"start":{"line":57,"column":38},"end":{"line":57,"column":39}},"loc":{"start":{"line":58,"column":16},"end":{"line":72,"column":21}},"line":58}},"branchMap":{"0":{"loc":{"start":{"line":26,"column":4},"end":{"line":33,"column":5}},"type":"if","locations":[{"start":{"line":26,"column":4},"end":{"line":33,"column":5}},{"start":{"line":26,"column":4},"end":{"line":33,"column":5}}],"line":26},"1":{"loc":{"start":{"line":27,"column":6},"end":{"line":27,"column":62}},"type":"if","locations":[{"start":{"line":27,"column":6},"end":{"line":27,"column":62}},{"start":{"line":27,"column":6},"end":{"line":27,"column":62}}],"line":27},"2":{"loc":{"start":{"line":29,"column":6},"end":{"line":32,"column":10}},"type":"if","locations":[{"start":{"line":29,"column":6},"end":{"line":32,"column":10}},{"start":{"line":29,"column":6},"end":{"line":32,"column":10}}],"line":29},"3":{"loc":{"start":{"line":56,"column":13},"end":{"line":73,"column":16}},"type":"binary-expr","locations":[{"start":{"line":56,"column":13},"end":{"line":56,"column":32}},{"start":{"line":57,"column":14},"end":{"line":73,"column":16}}],"line":56},"4":{"loc":{"start":{"line":60,"column":21},"end":{"line":60,"column":73}},"type":"cond-expr","locations":[{"start":{"line":60,"column":45},"end":{"line":60,"column":66}},{"start":{"line":60,"column":69},"end":{"line":60,"column":73}}],"line":60},"5":{"loc":{"start":{"line":62,"column":19},"end":{"line":64,"column":34}},"type":"cond-expr","locations":[{"start":{"line":63,"column":22},"end":{"line":63,"column":67}},{"start":{"line":64,"column":22},"end":{"line":64,"column":34}}],"line":62}},"s":{"0":2,"1":2,"2":2,"3":0,"4":0,"5":2,"6":0,"7":0,"8":0,"9":0,"10":0,"11":0,"12":0,"13":0,"14":0,"15":0,"16":0,"17":0,"18":2,"19":2,"20":3},"f":{"0":2,"1":0,"2":0,"3":0,"4":0,"5":2,"6":3},"b":{"0":[0,0],"1":[0,0],"2":[0,0],"3":[2,1],"4":[3,0],"5":[0,3]},"_coverageSchema":"43e27e138ebf9cfc5966b082cf9a028302ed4184","hash":"973e302bd9cf3a7453b3c038fb27bf73ab9bf875"}
,"/home/jfmajurel/Documents/cod-19/src/Components/Footer.js": {"path":"/home/jfmajurel/Documents/cod-19/src/Components/Footer.js","statementMap":{"0":{"start":{"line":5,"column":15},"end":{"line":26,"column":1}},"1":{"start":{"line":6,"column":23},"end":{"line":6,"column":39}},"2":{"start":{"line":8,"column":2},"end":{"line":25,"column":4}}},"fnMap":{"0":{"name":"(anonymous_0)","decl":{"start":{"line":5,"column":15},"end":{"line":5,"column":16}},"loc":{"start":{"line":5,"column":21},"end":{"line":26,"column":1}},"line":5}},"branchMap":{},"s":{"0":1,"1":1,"2":1},"f":{"0":1},"b":{},"_coverageSchema":"43e27e138ebf9cfc5966b082cf9a028302ed4184","hash":"9d094841b31769258b7761af4b628fedc36b490e"}
,"/home/jfmajurel/Documents/cod-19/src/Components/GraphSelector.js": {"path":"/home/jfmajurel/Documents/cod-19/src/Components/GraphSelector.js","statementMap":{"0":{"start":{"line":4,"column":22},"end":{"line":17,"column":1}},"1":{"start":{"line":5,"column":2},"end":{"line":16,"column":4}},"2":{"start":{"line":10,"column":10},"end":{"line":12,"column":19}}},"fnMap":{"0":{"name":"(anonymous_0)","decl":{"start":{"line":4,"column":22},"end":{"line":4,"column":23}},"loc":{"start":{"line":4,"column":60},"end":{"line":17,"column":1}},"line":4},"1":{"name":"(anonymous_1)","decl":{"start":{"line":9,"column":22},"end":{"line":9,"column":23}},"loc":{"start":{"line":10,"column":10},"end":{"line":12,"column":19}},"line":10}},"branchMap":{},"s":{"0":1,"1":3,"2":0},"f":{"0":3,"1":0},"b":{},"_coverageSchema":"43e27e138ebf9cfc5966b082cf9a028302ed4184","hash":"32aaf43072a263358f505e9eee4d80c7c44aa91a"}
,"/home/jfmajurel/Documents/cod-19/src/Components/Home.js": {"path":"/home/jfmajurel/Documents/cod-19/src/Components/Home.js","statementMap":{"0":{"start":{"line":6,"column":13},"end":{"line":20,"column":1}},"1":{"start":{"line":7,"column":22},"end":{"line":7,"column":38}},"2":{"start":{"line":8,"column":2},"end":{"line":19,"column":4}}},"fnMap":{"0":{"name":"(anonymous_0)","decl":{"start":{"line":6,"column":13},"end":{"line":6,"column":14}},"loc":{"start":{"line":6,"column":19},"end":{"line":20,"column":1}},"line":6}},"branchMap":{},"s":{"0":1,"1":0,"2":0},"f":{"0":0},"b":{},"_coverageSchema":"43e27e138ebf9cfc5966b082cf9a028302ed4184","hash":"c1e25eafcdde16d59dd877cb9e2a181e2a22f6c7"}
,"/home/jfmajurel/Documents/cod-19/src/Components/Loader.js": {"path":"/home/jfmajurel/Documents/cod-19/src/Components/Loader.js","statementMap":{"0":{"start":{"line":4,"column":15},"end":{"line":21,"column":1}},"1":{"start":{"line":5,"column":2},"end":{"line":20,"column":8}}},"fnMap":{"0":{"name":"(anonymous_0)","decl":{"start":{"line":4,"column":15},"end":{"line":4,"column":16}},"loc":{"start":{"line":5,"column":2},"end":{"line":20,"column":8}},"line":5}},"branchMap":{},"s":{"0":0,"1":0},"f":{"0":0},"b":{},"hash":"8ba247d992969860b1b796e01a2137d9534f4283"}
,"/home/jfmajurel/Documents/cod-19/src/Components/NavBar.js": {"path":"/home/jfmajurel/Documents/cod-19/src/Components/NavBar.js","statementMap":{"0":{"start":{"line":6,"column":15},"end":{"line":68,"column":1}},"1":{"start":{"line":7,"column":16},"end":{"line":7,"column":28}},"2":{"start":{"line":8,"column":18},"end":{"line":11,"column":3}},"3":{"start":{"line":9,"column":4},"end":{"line":9,"column":26}},"4":{"start":{"line":10,"column":4},"end":{"line":10,"column":25}},"5":{"start":{"line":12,"column":2},"end":{"line":67,"column":4}},"6":{"start":{"line":58,"column":16},"end":{"line":58,"column":26}}},"fnMap":{"0":{"name":"(anonymous_0)","decl":{"start":{"line":6,"column":15},"end":{"line":6,"column":16}},"loc":{"start":{"line":6,"column":21},"end":{"line":68,"column":1}},"line":6},"1":{"name":"(anonymous_1)","decl":{"start":{"line":8,"column":18},"end":{"line":8,"column":19}},"loc":{"start":{"line":8,"column":24},"end":{"line":11,"column":3}},"line":8},"2":{"name":"(anonymous_2)","decl":{"start":{"line":57,"column":23},"end":{"line":57,"column":24}},"loc":{"start":{"line":57,"column":29},"end":{"line":59,"column":15}},"line":57}},"branchMap":{"0":{"loc":{"start":{"line":30,"column":9},"end":{"line":36,"column":9}},"type":"binary-expr","locations":[{"start":{"line":30,"column":9},"end":{"line":30,"column":38}},{"start":{"line":31,"column":10},"end":{"line":35,"column":15}}],"line":30},"1":{"loc":{"start":{"line":38,"column":7},"end":{"line":46,"column":7}},"type":"binary-expr","locations":[{"start":{"line":38,"column":7},"end":{"line":38,"column":37}},{"start":{"line":39,"column":8},"end":{"line":45,"column":13}}],"line":38},"2":{"loc":{"start":{"line":47,"column":7},"end":{"line":65,"column":7}},"type":"binary-expr","locations":[{"start":{"line":47,"column":7},"end":{"line":47,"column":36}},{"start":{"line":48,"column":8},"end":{"line":64,"column":13}}],"line":47}},"s":{"0":0,"1":0,"2":0,"3":0,"4":0,"5":0,"6":0},"f":{"0":0,"1":0,"2":0},"b":{"0":[0,0],"1":[0,0],"2":[0,0]},"hash":"5d09a638f00b9d532646da27e37bf4cc8793ca9a"}
,"/home/jfmajurel/Documents/cod-19/src/Components/PotentialSickCase.js": {"path":"/home/jfmajurel/Documents/cod-19/src/Components/PotentialSickCase.js","statementMap":{"0":{"start":{"line":4,"column":26},"end":{"line":30,"column":1}},"1":{"start":{"line":5,"column":20},"end":{"line":5,"column":36}},"2":{"start":{"line":6,"column":2},"end":{"line":29,"column":4}}},"fnMap":{"0":{"name":"(anonymous_0)","decl":{"start":{"line":4,"column":26},"end":{"line":4,"column":27}},"loc":{"start":{"line":4,"column":32},"end":{"line":30,"column":1}},"line":4}},"branchMap":{},"s":{"0":0,"1":0,"2":0},"f":{"0":0},"b":{},"hash":"b1d7150b53d89bcf36f5f2be3ebeb3f903a8243c"}
,"/home/jfmajurel/Documents/cod-19/src/Components/Profile.js": {"path":"/home/jfmajurel/Documents/cod-19/src/Components/Profile.js","statementMap":{"0":{"start":{"line":8,"column":16},"end":{"line":97,"column":1}},"1":{"start":{"line":9,"column":20},"end":{"line":9,"column":36}},"2":{"start":{"line":11,"column":36},"end":{"line":13,"column":3}},"3":{"start":{"line":14,"column":34},"end":{"line":16,"column":3}},"4":{"start":{"line":17,"column":38},"end":{"line":19,"column":3}},"5":{"start":{"line":20,"column":32},"end":{"line":20,"column":65}},"6":{"start":{"line":21,"column":16},"end":{"line":21,"column":28}},"7":{"start":{"line":24,"column":4},"end":{"line":24,"column":27}},"8":{"start":{"line":25,"column":4},"end":{"line":31,"column":7}},"9":{"start":{"line":32,"column":4},"end":{"line":32,"column":26}},"10":{"start":{"line":36,"column":4},"end":{"line":36,"column":27}},"11":{"start":{"line":40,"column":31},"end":{"line":40,"column":49}},"12":{"start":{"line":41,"column":4},"end":{"line":41,"column":38}},"13":{"start":{"line":44,"column":2},"end":{"line":96,"column":4}},"14":{"start":{"line":64,"column":29},"end":{"line":64,"column":57}},"15":{"start":{"line":74,"column":29},"end":{"line":74,"column":56}},"16":{"start":{"line":83,"column":16},"end":{"line":88,"column":25}}},"fnMap":{"0":{"name":"(anonymous_0)","decl":{"start":{"line":8,"column":16},"end":{"line":8,"column":17}},"loc":{"start":{"line":8,"column":65},"end":{"line":97,"column":1}},"line":8},"1":{"name":"handleSubmit","decl":{"start":{"line":23,"column":11},"end":{"line":23,"column":23}},"loc":{"start":{"line":23,"column":31},"end":{"line":33,"column":3}},"line":23},"2":{"name":"handleAddressChange","decl":{"start":{"line":35,"column":11},"end":{"line":35,"column":30}},"loc":{"start":{"line":35,"column":43},"end":{"line":37,"column":3}},"line":35},"3":{"name":"handleSpecialityChange","decl":{"start":{"line":39,"column":11},"end":{"line":39,"column":33}},"loc":{"start":{"line":39,"column":41},"end":{"line":42,"column":3}},"line":39},"4":{"name":"(anonymous_4)","decl":{"start":{"line":64,"column":22},"end":{"line":64,"column":23}},"loc":{"start":{"line":64,"column":29},"end":{"line":64,"column":57}},"line":64},"5":{"name":"(anonymous_5)","decl":{"start":{"line":74,"column":22},"end":{"line":74,"column":23}},"loc":{"start":{"line":74,"column":29},"end":{"line":74,"column":56}},"line":74},"6":{"name":"(anonymous_6)","decl":{"start":{"line":82,"column":31},"end":{"line":82,"column":32}},"loc":{"start":{"line":83,"column":16},"end":{"line":88,"column":25}},"line":83}},"branchMap":{"0":{"loc":{"start":{"line":12,"column":4},"end":{"line":12,"column":62}},"type":"cond-expr","locations":[{"start":{"line":12,"column":32},"end":{"line":12,"column":57}},{"start":{"line":12,"column":60},"end":{"line":12,"column":62}}],"line":12},"1":{"loc":{"start":{"line":15,"column":4},"end":{"line":15,"column":60}},"type":"cond-expr","locations":[{"start":{"line":15,"column":31},"end":{"line":15,"column":55}},{"start":{"line":15,"column":58},"end":{"line":15,"column":60}}],"line":15},"2":{"loc":{"start":{"line":18,"column":4},"end":{"line":18,"column":75}},"type":"cond-expr","locations":[{"start":{"line":18,"column":33},"end":{"line":18,"column":63}},{"start":{"line":18,"column":66},"end":{"line":18,"column":75}}],"line":18},"3":{"loc":{"start":{"line":81,"column":13},"end":{"line":89,"column":16}},"type":"binary-expr","locations":[{"start":{"line":81,"column":13},"end":{"line":81,"column":25}},{"start":{"line":82,"column":14},"end":{"line":89,"column":16}}],"line":81},"4":{"loc":{"start":{"line":84,"column":19},"end":{"line":87,"column":39}},"type":"cond-expr","locations":[{"start":{"line":86,"column":22},"end":{"line":86,"column":59}},{"start":{"line":87,"column":22},"end":{"line":87,"column":39}}],"line":84},"5":{"loc":{"start":{"line":84,"column":19},"end":{"line":85,"column":55}},"type":"binary-expr","locations":[{"start":{"line":84,"column":19},"end":{"line":84,"column":41}},{"start":{"line":85,"column":18},"end":{"line":85,"column":55}}],"line":84}},"s":{"0":0,"1":0,"2":0,"3":0,"4":0,"5":0,"6":0,"7":0,"8":0,"9":0,"10":0,"11":0,"12":0,"13":0,"14":0,"15":0,"16":0},"f":{"0":0,"1":0,"2":0,"3":0,"4":0,"5":0,"6":0},"b":{"0":[0,0],"1":[0,0],"2":[0,0],"3":[0,0],"4":[0,0],"5":[0,0]},"hash":"4b081b2a4b2ea87e38f02e6d441e6d1a16d9352a"}
,"/home/jfmajurel/Documents/cod-19/src/Components/Protection.js": {"path":"/home/jfmajurel/Documents/cod-19/src/Components/Protection.js","statementMap":{"0":{"start":{"line":5,"column":19},"end":{"line":54,"column":1}},"1":{"start":{"line":6,"column":20},"end":{"line":6,"column":36}},"2":{"start":{"line":7,"column":2},"end":{"line":53,"column":4}}},"fnMap":{"0":{"name":"(anonymous_0)","decl":{"start":{"line":5,"column":19},"end":{"line":5,"column":20}},"loc":{"start":{"line":5,"column":25},"end":{"line":54,"column":1}},"line":5}},"branchMap":{},"s":{"0":0,"1":0,"2":0},"f":{"0":0},"b":{},"hash":"cd34f7ba18e1048cded139ce36adf97e8b3bc88a"}
,"/home/jfmajurel/Documents/cod-19/src/Components/SecondStepScreening.js": {"path":"/home/jfmajurel/Documents/cod-19/src/Components/SecondStepScreening.js","statementMap":{"0":{"start":{"line":5,"column":28},"end":{"line":88,"column":1}},"1":{"start":{"line":6,"column":20},"end":{"line":6,"column":36}},"2":{"start":{"line":7,"column":30},"end":{"line":7,"column":45}},"3":{"start":{"line":8,"column":24},"end":{"line":8,"column":34}},"4":{"start":{"line":9,"column":38},"end":{"line":9,"column":50}},"5":{"start":{"line":10,"column":30},"end":{"line":10,"column":45}},"6":{"start":{"line":12,"column":4},"end":{"line":12,"column":27}},"7":{"start":{"line":13,"column":4},"end":{"line":13,"column":50}},"8":{"start":{"line":17,"column":4},"end":{"line":17,"column":27}},"9":{"start":{"line":18,"column":20},"end":{"line":18,"column":40}},"10":{"start":{"line":19,"column":31},"end":{"line":19,"column":33}},"11":{"start":{"line":20,"column":4},"end":{"line":22,"column":5}},"12":{"start":{"line":20,"column":17},"end":{"line":20,"column":18}},"13":{"start":{"line":21,"column":6},"end":{"line":21,"column":73}},"14":{"start":{"line":21,"column":31},"end":{"line":21,"column":73}},"15":{"start":{"line":23,"column":4},"end":{"line":23,"column":38}},"16":{"start":{"line":26,"column":2},"end":{"line":87,"column":4}},"17":{"start":{"line":35,"column":50},"end":{"line":35,"column":75}},"18":{"start":{"line":51,"column":31},"end":{"line":51,"column":53}},"19":{"start":{"line":64,"column":18},"end":{"line":68,"column":27}},"20":{"start":{"line":80,"column":31},"end":{"line":80,"column":58}}},"fnMap":{"0":{"name":"(anonymous_0)","decl":{"start":{"line":5,"column":28},"end":{"line":5,"column":29}},"loc":{"start":{"line":5,"column":61},"end":{"line":88,"column":1}},"line":5},"1":{"name":"handleSubmit","decl":{"start":{"line":11,"column":11},"end":{"line":11,"column":23}},"loc":{"start":{"line":11,"column":31},"end":{"line":14,"column":3}},"line":11},"2":{"name":"handleConditionUpdate","decl":{"start":{"line":16,"column":11},"end":{"line":16,"column":32}},"loc":{"start":{"line":16,"column":40},"end":{"line":24,"column":3}},"line":16},"3":{"name":"(anonymous_3)","decl":{"start":{"line":35,"column":43},"end":{"line":35,"column":44}},"loc":{"start":{"line":35,"column":50},"end":{"line":35,"column":75}},"line":35},"4":{"name":"(anonymous_4)","decl":{"start":{"line":51,"column":24},"end":{"line":51,"column":25}},"loc":{"start":{"line":51,"column":31},"end":{"line":51,"column":53}},"line":51},"5":{"name":"(anonymous_5)","decl":{"start":{"line":63,"column":34},"end":{"line":63,"column":35}},"loc":{"start":{"line":64,"column":18},"end":{"line":68,"column":27}},"line":64},"6":{"name":"(anonymous_6)","decl":{"start":{"line":80,"column":24},"end":{"line":80,"column":25}},"loc":{"start":{"line":80,"column":31},"end":{"line":80,"column":58}},"line":80}},"branchMap":{"0":{"loc":{"start":{"line":21,"column":6},"end":{"line":21,"column":73}},"type":"if","locations":[{"start":{"line":21,"column":6},"end":{"line":21,"column":73}},{"start":{"line":21,"column":6},"end":{"line":21,"column":73}}],"line":21},"1":{"loc":{"start":{"line":62,"column":15},"end":{"line":69,"column":18}},"type":"binary-expr","locations":[{"start":{"line":62,"column":15},"end":{"line":62,"column":28}},{"start":{"line":63,"column":16},"end":{"line":69,"column":18}}],"line":62},"2":{"loc":{"start":{"line":65,"column":21},"end":{"line":67,"column":42}},"type":"cond-expr","locations":[{"start":{"line":66,"column":24},"end":{"line":66,"column":63}},{"start":{"line":67,"column":24},"end":{"line":67,"column":42}}],"line":65}},"s":{"0":0,"1":0,"2":0,"3":0,"4":0,"5":0,"6":0,"7":0,"8":0,"9":0,"10":0,"11":0,"12":0,"13":0,"14":0,"15":0,"16":0,"17":0,"18":0,"19":0,"20":0},"f":{"0":0,"1":0,"2":0,"3":0,"4":0,"5":0,"6":0},"b":{"0":[0,0],"1":[0,0],"2":[0,0]},"hash":"5194402dbcf35c5820c53870c6a6763a9d8d7763"}
,"/home/jfmajurel/Documents/cod-19/src/Containers/Patients.js": {"path":"/home/jfmajurel/Documents/cod-19/src/Containers/Patients.js","statementMap":{"0":{"start":{"line":9,"column":17},"end":{"line":191,"column":1}},"1":{"start":{"line":10,"column":34},"end":{"line":10,"column":46}},"2":{"start":{"line":11,"column":34},"end":{"line":11,"column":46}},"3":{"start":{"line":12,"column":36},"end":{"line":12,"column":50}},"4":{"start":{"line":13,"column":36},"end":{"line":13,"column":48}},"5":{"start":{"line":14,"column":20},"end":{"line":14,"column":36}},"6":{"start":{"line":16,"column":16},"end":{"line":16,"column":19}},"7":{"start":{"line":17,"column":17},"end":{"line":17,"column":20}},"8":{"start":{"line":19,"column":2},"end":{"line":51,"column":9}},"9":{"start":{"line":20,"column":4},"end":{"line":20,"column":23}},"10":{"start":{"line":21,"column":4},"end":{"line":50,"column":52}},"11":{"start":{"line":23,"column":8},"end":{"line":23,"column":32}},"12":{"start":{"line":24,"column":28},"end":{"line":24,"column":38}},"13":{"start":{"line":25,"column":30},"end":{"line":25,"column":32}},"14":{"start":{"line":26,"column":8},"end":{"line":27,"column":61}},"15":{"start":{"line":26,"column":21},"end":{"line":26,"column":22}},"16":{"start":{"line":27,"column":10},"end":{"line":27,"column":61}},"17":{"start":{"line":28,"column":8},"end":{"line":28,"column":35}},"18":{"start":{"line":29,"column":8},"end":{"line":29,"column":62}},"19":{"start":{"line":32,"column":19},"end":{"line":38,"column":14}},"20":{"start":{"line":33,"column":10},"end":{"line":36,"column":44}},"21":{"start":{"line":33,"column":23},"end":{"line":33,"column":24}},"22":{"start":{"line":34,"column":12},"end":{"line":36,"column":44}},"23":{"start":{"line":37,"column":10},"end":{"line":37,"column":21}},"24":{"start":{"line":40,"column":8},"end":{"line":45,"column":11}},"25":{"start":{"line":41,"column":10},"end":{"line":43,"column":24}},"26":{"start":{"line":44,"column":10},"end":{"line":44,"column":44}},"27":{"start":{"line":47,"column":8},"end":{"line":47,"column":27}},"28":{"start":{"line":49,"column":18},"end":{"line":49,"column":37}},"29":{"start":{"line":50,"column":22},"end":{"line":50,"column":50}},"30":{"start":{"line":53,"column":2},"end":{"line":183,"column":5}},"31":{"start":{"line":54,"column":19},"end":{"line":54,"column":21}},"32":{"start":{"line":55,"column":20},"end":{"line":55,"column":32}},"33":{"start":{"line":56,"column":23},"end":{"line":56,"column":25}},"34":{"start":{"line":57,"column":21},"end":{"line":57,"column":59}},"35":{"start":{"line":59,"column":16},"end":{"line":66,"column":8}},"36":{"start":{"line":68,"column":19},"end":{"line":72,"column":13}},"37":{"start":{"line":71,"column":43},"end":{"line":71,"column":51}},"38":{"start":{"line":74,"column":19},"end":{"line":78,"column":39}},"39":{"start":{"line":80,"column":21},"end":{"line":82,"column":49}},"40":{"start":{"line":82,"column":39},"end":{"line":82,"column":46}},"41":{"start":{"line":83,"column":16},"end":{"line":88,"column":23}},"42":{"start":{"line":90,"column":16},"end":{"line":90,"column":52}},"43":{"start":{"line":92,"column":4},"end":{"line":104,"column":37}},"44":{"start":{"line":98,"column":27},"end":{"line":98,"column":46}},"45":{"start":{"line":100,"column":28},"end":{"line":100,"column":44}},"46":{"start":{"line":101,"column":29},"end":{"line":101,"column":40}},"47":{"start":{"line":106,"column":4},"end":{"line":119,"column":28}},"48":{"start":{"line":113,"column":28},"end":{"line":113,"column":44}},"49":{"start":{"line":115,"column":24},"end":{"line":115,"column":44}},"50":{"start":{"line":116,"column":29},"end":{"line":116,"column":55}},"51":{"start":{"line":119,"column":19},"end":{"line":119,"column":26}},"52":{"start":{"line":121,"column":4},"end":{"line":125,"column":19}},"53":{"start":{"line":127,"column":4},"end":{"line":134,"column":40}},"54":{"start":{"line":136,"column":4},"end":{"line":145,"column":38}},"55":{"start":{"line":147,"column":4},"end":{"line":160,"column":38}},"56":{"start":{"line":162,"column":4},"end":{"line":170,"column":33}},"57":{"start":{"line":172,"column":4},"end":{"line":182,"column":6}},"58":{"start":{"line":173,"column":18},"end":{"line":173,"column":34}},"59":{"start":{"line":174,"column":6},"end":{"line":174,"column":34}},"60":{"start":{"line":175,"column":6},"end":{"line":175,"column":37}},"61":{"start":{"line":177,"column":6},"end":{"line":177,"column":37}},"62":{"start":{"line":179,"column":6},"end":{"line":179,"column":39}},"63":{"start":{"line":180,"column":6},"end":{"line":180,"column":37}},"64":{"start":{"line":181,"column":6},"end":{"line":181,"column":37}},"65":{"start":{"line":185,"column":2},"end":{"line":190,"column":4}}},"fnMap":{"0":{"name":"(anonymous_0)","decl":{"start":{"line":9,"column":17},"end":{"line":9,"column":18}},"loc":{"start":{"line":9,"column":23},"end":{"line":191,"column":1}},"line":9},"1":{"name":"(anonymous_1)","decl":{"start":{"line":19,"column":12},"end":{"line":19,"column":13}},"loc":{"start":{"line":19,"column":18},"end":{"line":51,"column":3}},"line":19},"2":{"name":"(anonymous_2)","decl":{"start":{"line":22,"column":12},"end":{"line":22,"column":13}},"loc":{"start":{"line":22,"column":25},"end":{"line":30,"column":7}},"line":22},"3":{"name":"(anonymous_3)","decl":{"start":{"line":31,"column":12},"end":{"line":31,"column":13}},"loc":{"start":{"line":31,"column":52},"end":{"line":48,"column":7}},"line":31},"4":{"name":"(anonymous_4)","decl":{"start":{"line":32,"column":42},"end":{"line":32,"column":43}},"loc":{"start":{"line":32,"column":57},"end":{"line":38,"column":9}},"line":32},"5":{"name":"(anonymous_5)","decl":{"start":{"line":40,"column":40},"end":{"line":40,"column":41}},"loc":{"start":{"line":40,"column":51},"end":{"line":45,"column":9}},"line":40},"6":{"name":"(anonymous_6)","decl":{"start":{"line":49,"column":12},"end":{"line":49,"column":13}},"loc":{"start":{"line":49,"column":18},"end":{"line":49,"column":37}},"line":49},"7":{"name":"(anonymous_7)","decl":{"start":{"line":50,"column":13},"end":{"line":50,"column":14}},"loc":{"start":{"line":50,"column":22},"end":{"line":50,"column":50}},"line":50},"8":{"name":"(anonymous_8)","decl":{"start":{"line":53,"column":12},"end":{"line":53,"column":13}},"loc":{"start":{"line":53,"column":18},"end":{"line":183,"column":3}},"line":53},"9":{"name":"(anonymous_9)","decl":{"start":{"line":71,"column":36},"end":{"line":71,"column":37}},"loc":{"start":{"line":71,"column":43},"end":{"line":71,"column":51}},"line":71},"10":{"name":"(anonymous_10)","decl":{"start":{"line":82,"column":32},"end":{"line":82,"column":33}},"loc":{"start":{"line":82,"column":39},"end":{"line":82,"column":46}},"line":82},"11":{"name":"(anonymous_11)","decl":{"start":{"line":98,"column":20},"end":{"line":98,"column":21}},"loc":{"start":{"line":98,"column":27},"end":{"line":98,"column":46}},"line":98},"12":{"name":"(anonymous_12)","decl":{"start":{"line":100,"column":21},"end":{"line":100,"column":22}},"loc":{"start":{"line":100,"column":28},"end":{"line":100,"column":44}},"line":100},"13":{"name":"(anonymous_13)","decl":{"start":{"line":101,"column":17},"end":{"line":101,"column":18}},"loc":{"start":{"line":101,"column":29},"end":{"line":101,"column":40}},"line":101},"14":{"name":"(anonymous_14)","decl":{"start":{"line":113,"column":21},"end":{"line":113,"column":22}},"loc":{"start":{"line":113,"column":28},"end":{"line":113,"column":44}},"line":113},"15":{"name":"(anonymous_15)","decl":{"start":{"line":115,"column":17},"end":{"line":115,"column":18}},"loc":{"start":{"line":115,"column":24},"end":{"line":115,"column":44}},"line":115},"16":{"name":"(anonymous_16)","decl":{"start":{"line":116,"column":17},"end":{"line":116,"column":18}},"loc":{"start":{"line":116,"column":29},"end":{"line":116,"column":55}},"line":116},"17":{"name":"(anonymous_17)","decl":{"start":{"line":119,"column":12},"end":{"line":119,"column":13}},"loc":{"start":{"line":119,"column":19},"end":{"line":119,"column":26}},"line":119},"18":{"name":"(anonymous_18)","decl":{"start":{"line":172,"column":11},"end":{"line":172,"column":12}},"loc":{"start":{"line":172,"column":17},"end":{"line":182,"column":5}},"line":172}},"branchMap":{"0":{"loc":{"start":{"line":34,"column":12},"end":{"line":36,"column":43}},"type":"cond-expr","locations":[{"start":{"line":35,"column":16},"end":{"line":35,"column":39}},{"start":{"line":36,"column":17},"end":{"line":36,"column":42}}],"line":34},"1":{"loc":{"start":{"line":41,"column":18},"end":{"line":43,"column":23}},"type":"cond-expr","locations":[{"start":{"line":42,"column":14},"end":{"line":42,"column":64}},{"start":{"line":43,"column":14},"end":{"line":43,"column":23}}],"line":41},"2":{"loc":{"start":{"line":187,"column":7},"end":{"line":187,"column":30}},"type":"binary-expr","locations":[{"start":{"line":187,"column":7},"end":{"line":187,"column":16}},{"start":{"line":187,"column":20},"end":{"line":187,"column":30}}],"line":187}},"s":{"0":0,"1":0,"2":0,"3":0,"4":0,"5":0,"6":0,"7":0,"8":0,"9":0,"10":0,"11":0,"12":0,"13":0,"14":0,"15":0,"16":0,"17":0,"18":0,"19":0,"20":0,"21":0,"22":0,"23":0,"24":0,"25":0,"26":0,"27":0,"28":0,"29":0,"30":0,"31":0,"32":0,"33":0,"34":0,"35":0,"36":0,"37":0,"38":0,"39":0,"40":0,"41":0,"42":0,"43":0,"44":0,"45":0,"46":0,"47":0,"48":0,"49":0,"50":0,"51":0,"52":0,"53":0,"54":0,"55":0,"56":0,"57":0,"58":0,"59":0,"60":0,"61":0,"62":0,"63":0,"64":0,"65":0},"f":{"0":0,"1":0,"2":0,"3":0,"4":0,"5":0,"6":0,"7":0,"8":0,"9":0,"10":0,"11":0,"12":0,"13":0,"14":0,"15":0,"16":0,"17":0,"18":0},"b":{"0":[0,0],"1":[0,0],"2":[0,0]},"hash":"843f47f0ee17a8ef152edb6fd5f470971d06ee6a"}
,"/home/jfmajurel/Documents/cod-19/src/Containers/Screening.js": {"path":"/home/jfmajurel/Documents/cod-19/src/Containers/Screening.js","statementMap":{"0":{"start":{"line":13,"column":18},"end":{"line":76,"column":1}},"1":{"start":{"line":14,"column":36},"end":{"line":14,"column":51}},"2":{"start":{"line":15,"column":34},"end":{"line":15,"column":46}},"3":{"start":{"line":16,"column":44},"end":{"line":16,"column":56}},"4":{"start":{"line":17,"column":50},"end":{"line":17,"column":62}},"5":{"start":{"line":18,"column":26},"end":{"line":18,"column":38}},"6":{"start":{"line":19,"column":16},"end":{"line":19,"column":28}},"7":{"start":{"line":20,"column":17},"end":{"line":20,"column":32}},"8":{"start":{"line":22,"column":2},"end":{"line":32,"column":9}},"9":{"start":{"line":23,"column":4},"end":{"line":23,"column":23}},"10":{"start":{"line":25,"column":4},"end":{"line":31,"column":28}},"11":{"start":{"line":27,"column":8},"end":{"line":27,"column":32}},"12":{"start":{"line":28,"column":8},"end":{"line":28,"column":37}},"13":{"start":{"line":30,"column":18},"end":{"line":30,"column":37}},"14":{"start":{"line":35,"column":4},"end":{"line":35,"column":37}},"15":{"start":{"line":36,"column":4},"end":{"line":36,"column":39}},"16":{"start":{"line":39,"column":4},"end":{"line":39,"column":18}},"17":{"start":{"line":40,"column":4},"end":{"line":43,"column":7}},"18":{"start":{"line":44,"column":4},"end":{"line":46,"column":40}},"19":{"start":{"line":48,"column":2},"end":{"line":75,"column":4}}},"fnMap":{"0":{"name":"(anonymous_0)","decl":{"start":{"line":13,"column":18},"end":{"line":13,"column":19}},"loc":{"start":{"line":13,"column":24},"end":{"line":76,"column":1}},"line":13},"1":{"name":"(anonymous_1)","decl":{"start":{"line":22,"column":12},"end":{"line":22,"column":13}},"loc":{"start":{"line":22,"column":18},"end":{"line":32,"column":3}},"line":22},"2":{"name":"(anonymous_2)","decl":{"start":{"line":26,"column":12},"end":{"line":26,"column":13}},"loc":{"start":{"line":26,"column":23},"end":{"line":29,"column":7}},"line":26},"3":{"name":"(anonymous_3)","decl":{"start":{"line":30,"column":12},"end":{"line":30,"column":13}},"loc":{"start":{"line":30,"column":18},"end":{"line":30,"column":37}},"line":30},"4":{"name":"handleSubmit","decl":{"start":{"line":34,"column":11},"end":{"line":34,"column":23}},"loc":{"start":{"line":34,"column":37},"end":{"line":37,"column":3}},"line":34},"5":{"name":"handleStepTwo","decl":{"start":{"line":38,"column":11},"end":{"line":38,"column":24}},"loc":{"start":{"line":38,"column":31},"end":{"line":47,"column":3}},"line":38}},"branchMap":{"0":{"loc":{"start":{"line":44,"column":4},"end":{"line":46,"column":39}},"type":"cond-expr","locations":[{"start":{"line":45,"column":8},"end":{"line":45,"column":41}},{"start":{"line":46,"column":8},"end":{"line":46,"column":39}}],"line":44},"1":{"loc":{"start":{"line":50,"column":7},"end":{"line":73,"column":7}},"type":"cond-expr","locations":[{"start":{"line":51,"column":8},"end":{"line":51,"column":18}},{"start":{"line":53,"column":8},"end":{"line":72,"column":17}}],"line":50}},"s":{"0":0,"1":0,"2":0,"3":0,"4":0,"5":0,"6":0,"7":0,"8":0,"9":0,"10":0,"11":0,"12":0,"13":0,"14":0,"15":0,"16":0,"17":0,"18":0,"19":0},"f":{"0":0,"1":0,"2":0,"3":0,"4":0,"5":0},"b":{"0":[0,0],"1":[0,0]},"hash":"fc3511b67b17ef26a4ee7491b2706e1da3238098"}
,"/home/jfmajurel/Documents/cod-19/src/Containers/Situation.js": {"path":"/home/jfmajurel/Documents/cod-19/src/Containers/Situation.js","statementMap":{"0":{"start":{"line":11,"column":18},"end":{"line":416,"column":1}},"1":{"start":{"line":12,"column":20},"end":{"line":12,"column":36}},"2":{"start":{"line":13,"column":16},"end":{"line":18,"column":3}},"3":{"start":{"line":19,"column":36},"end":{"line":19,"column":50}},"4":{"start":{"line":20,"column":38},"end":{"line":20,"column":50}},"5":{"start":{"line":21,"column":36},"end":{"line":21,"column":48}},"6":{"start":{"line":22,"column":48},"end":{"line":25,"column":4}},"7":{"start":{"line":26,"column":42},"end":{"line":26,"column":60}},"8":{"start":{"line":27,"column":66},"end":{"line":29,"column":3}},"9":{"start":{"line":31,"column":16},"end":{"line":31,"column":19}},"10":{"start":{"line":32,"column":17},"end":{"line":32,"column":20}},"11":{"start":{"line":33,"column":2},"end":{"line":46,"column":9}},"12":{"start":{"line":34,"column":4},"end":{"line":34,"column":23}},"13":{"start":{"line":36,"column":6},"end":{"line":36,"column":62}},"14":{"start":{"line":38,"column":4},"end":{"line":45,"column":52}},"15":{"start":{"line":41,"column":8},"end":{"line":41,"column":68}},"16":{"start":{"line":41,"column":38},"end":{"line":41,"column":67}},"17":{"start":{"line":44,"column":18},"end":{"line":44,"column":37}},"18":{"start":{"line":45,"column":22},"end":{"line":45,"column":50}},"19":{"start":{"line":48,"column":2},"end":{"line":69,"column":24}},"20":{"start":{"line":49,"column":4},"end":{"line":49,"column":23}},"21":{"start":{"line":51,"column":6},"end":{"line":53,"column":8}},"22":{"start":{"line":52,"column":8},"end":{"line":52,"column":46}},"23":{"start":{"line":54,"column":6},"end":{"line":54,"column":40}},"24":{"start":{"line":56,"column":4},"end":{"line":68,"column":5}},"25":{"start":{"line":57,"column":6},"end":{"line":61,"column":54}},"26":{"start":{"line":60,"column":20},"end":{"line":60,"column":39}},"27":{"start":{"line":61,"column":24},"end":{"line":61,"column":52}},"28":{"start":{"line":63,"column":6},"end":{"line":67,"column":54}},"29":{"start":{"line":66,"column":20},"end":{"line":66,"column":39}},"30":{"start":{"line":67,"column":24},"end":{"line":67,"column":52}},"31":{"start":{"line":71,"column":2},"end":{"line":369,"column":5}},"32":{"start":{"line":72,"column":19},"end":{"line":72,"column":21}},"33":{"start":{"line":73,"column":20},"end":{"line":73,"column":32}},"34":{"start":{"line":74,"column":23},"end":{"line":74,"column":24}},"35":{"start":{"line":75,"column":21},"end":{"line":75,"column":59}},"36":{"start":{"line":77,"column":16},"end":{"line":84,"column":8}},"37":{"start":{"line":85,"column":23},"end":{"line":85,"column":76}},"38":{"start":{"line":85,"column":52},"end":{"line":85,"column":75}},"39":{"start":{"line":86,"column":19},"end":{"line":88,"column":9}},"40":{"start":{"line":89,"column":19},"end":{"line":93,"column":39}},"41":{"start":{"line":91,"column":44},"end":{"line":91,"column":74}},"42":{"start":{"line":95,"column":17},"end":{"line":99,"column":13}},"43":{"start":{"line":101,"column":16},"end":{"line":101,"column":43}},"44":{"start":{"line":103,"column":25},"end":{"line":103,"column":46}},"45":{"start":{"line":104,"column":16},"end":{"line":110,"column":23}},"46":{"start":{"line":112,"column":4},"end":{"line":152,"column":9}},"47":{"start":{"line":119,"column":29},"end":{"line":119,"column":60}},"48":{"start":{"line":121,"column":24},"end":{"line":121,"column":62}},"49":{"start":{"line":122,"column":29},"end":{"line":122,"column":79}},"50":{"start":{"line":124,"column":8},"end":{"line":124,"column":75}},"51":{"start":{"line":126,"column":8},"end":{"line":146,"column":13}},"52":{"start":{"line":135,"column":26},"end":{"line":137,"column":18}},"53":{"start":{"line":139,"column":12},"end":{"line":139,"column":78}},"54":{"start":{"line":142,"column":12},"end":{"line":142,"column":62}},"55":{"start":{"line":145,"column":12},"end":{"line":145,"column":51}},"56":{"start":{"line":149,"column":8},"end":{"line":149,"column":73}},"57":{"start":{"line":151,"column":8},"end":{"line":151,"column":39}},"58":{"start":{"line":154,"column":17},"end":{"line":160,"column":8}},"59":{"start":{"line":157,"column":21},"end":{"line":157,"column":52}},"60":{"start":{"line":159,"column":8},"end":{"line":159,"column":54}},"61":{"start":{"line":162,"column":4},"end":{"line":168,"column":23}},"62":{"start":{"line":273,"column":4},"end":{"line":280,"column":40}},"63":{"start":{"line":282,"column":4},"end":{"line":286,"column":19}},"64":{"start":{"line":288,"column":4},"end":{"line":301,"column":45}},"65":{"start":{"line":303,"column":4},"end":{"line":318,"column":8}},"66":{"start":{"line":320,"column":4},"end":{"line":320,"column":51}},"67":{"start":{"line":322,"column":4},"end":{"line":324,"column":35}},"68":{"start":{"line":336,"column":4},"end":{"line":356,"column":5}},"69":{"start":{"line":337,"column":6},"end":{"line":346,"column":31}},"70":{"start":{"line":348,"column":6},"end":{"line":355,"column":50}},"71":{"start":{"line":358,"column":4},"end":{"line":368,"column":6}},"72":{"start":{"line":359,"column":18},"end":{"line":359,"column":34}},"73":{"start":{"line":360,"column":6},"end":{"line":360,"column":34}},"74":{"start":{"line":361,"column":6},"end":{"line":361,"column":37}},"75":{"start":{"line":363,"column":6},"end":{"line":363,"column":37}},"76":{"start":{"line":365,"column":6},"end":{"line":365,"column":39}},"77":{"start":{"line":366,"column":6},"end":{"line":366,"column":37}},"78":{"start":{"line":367,"column":6},"end":{"line":367,"column":37}},"79":{"start":{"line":372,"column":26},"end":{"line":372,"column":52}},"80":{"start":{"line":373,"column":4},"end":{"line":373,"column":49}},"81":{"start":{"line":377,"column":26},"end":{"line":377,"column":52}},"82":{"start":{"line":378,"column":4},"end":{"line":378,"column":42}},"83":{"start":{"line":382,"column":4},"end":{"line":382,"column":54}},"84":{"start":{"line":385,"column":2},"end":{"line":415,"column":4}}},"fnMap":{"0":{"name":"(anonymous_0)","decl":{"start":{"line":11,"column":18},"end":{"line":11,"column":19}},"loc":{"start":{"line":11,"column":24},"end":{"line":416,"column":1}},"line":11},"1":{"name":"(anonymous_1)","decl":{"start":{"line":33,"column":12},"end":{"line":33,"column":13}},"loc":{"start":{"line":33,"column":18},"end":{"line":46,"column":3}},"line":33},"2":{"name":"handleCountriesChange","decl":{"start":{"line":35,"column":13},"end":{"line":35,"column":34}},"loc":{"start":{"line":35,"column":54},"end":{"line":37,"column":5}},"line":35},"3":{"name":"(anonymous_3)","decl":{"start":{"line":40,"column":12},"end":{"line":40,"column":13}},"loc":{"start":{"line":41,"column":8},"end":{"line":41,"column":68}},"line":41},"4":{"name":"(anonymous_4)","decl":{"start":{"line":41,"column":25},"end":{"line":41,"column":26}},"loc":{"start":{"line":41,"column":38},"end":{"line":41,"column":67}},"line":41},"5":{"name":"(anonymous_5)","decl":{"start":{"line":44,"column":12},"end":{"line":44,"column":13}},"loc":{"start":{"line":44,"column":18},"end":{"line":44,"column":37}},"line":44},"6":{"name":"(anonymous_6)","decl":{"start":{"line":45,"column":13},"end":{"line":45,"column":14}},"loc":{"start":{"line":45,"column":22},"end":{"line":45,"column":50}},"line":45},"7":{"name":"(anonymous_7)","decl":{"start":{"line":48,"column":12},"end":{"line":48,"column":13}},"loc":{"start":{"line":48,"column":18},"end":{"line":69,"column":3}},"line":48},"8":{"name":"handleSituationsChange","decl":{"start":{"line":50,"column":13},"end":{"line":50,"column":35}},"loc":{"start":{"line":50,"column":51},"end":{"line":55,"column":5}},"line":50},"9":{"name":"(anonymous_9)","decl":{"start":{"line":51,"column":41},"end":{"line":51,"column":42}},"loc":{"start":{"line":52,"column":8},"end":{"line":52,"column":46}},"line":52},"10":{"name":"(anonymous_10)","decl":{"start":{"line":60,"column":14},"end":{"line":60,"column":15}},"loc":{"start":{"line":60,"column":20},"end":{"line":60,"column":39}},"line":60},"11":{"name":"(anonymous_11)","decl":{"start":{"line":61,"column":15},"end":{"line":61,"column":16}},"loc":{"start":{"line":61,"column":24},"end":{"line":61,"column":52}},"line":61},"12":{"name":"(anonymous_12)","decl":{"start":{"line":66,"column":14},"end":{"line":66,"column":15}},"loc":{"start":{"line":66,"column":20},"end":{"line":66,"column":39}},"line":66},"13":{"name":"(anonymous_13)","decl":{"start":{"line":67,"column":15},"end":{"line":67,"column":16}},"loc":{"start":{"line":67,"column":24},"end":{"line":67,"column":52}},"line":67},"14":{"name":"(anonymous_14)","decl":{"start":{"line":71,"column":12},"end":{"line":71,"column":13}},"loc":{"start":{"line":71,"column":18},"end":{"line":369,"column":3}},"line":71},"15":{"name":"(anonymous_15)","decl":{"start":{"line":85,"column":45},"end":{"line":85,"column":46}},"loc":{"start":{"line":85,"column":52},"end":{"line":85,"column":75}},"line":85},"16":{"name":"(anonymous_16)","decl":{"start":{"line":91,"column":37},"end":{"line":91,"column":38}},"loc":{"start":{"line":91,"column":44},"end":{"line":91,"column":74}},"line":91},"17":{"name":"(anonymous_17)","decl":{"start":{"line":119,"column":17},"end":{"line":119,"column":18}},"loc":{"start":{"line":119,"column":29},"end":{"line":119,"column":60}},"line":119},"18":{"name":"(anonymous_18)","decl":{"start":{"line":121,"column":17},"end":{"line":121,"column":18}},"loc":{"start":{"line":121,"column":24},"end":{"line":121,"column":62}},"line":121},"19":{"name":"(anonymous_19)","decl":{"start":{"line":122,"column":22},"end":{"line":122,"column":23}},"loc":{"start":{"line":122,"column":29},"end":{"line":122,"column":79}},"line":122},"20":{"name":"(anonymous_20)","decl":{"start":{"line":123,"column":34},"end":{"line":123,"column":35}},"loc":{"start":{"line":123,"column":47},"end":{"line":147,"column":7}},"line":123},"21":{"name":"(anonymous_21)","decl":{"start":{"line":134,"column":16},"end":{"line":134,"column":17}},"loc":{"start":{"line":134,"column":32},"end":{"line":140,"column":11}},"line":134},"22":{"name":"(anonymous_22)","decl":{"start":{"line":141,"column":21},"end":{"line":141,"column":22}},"loc":{"start":{"line":141,"column":34},"end":{"line":143,"column":11}},"line":141},"23":{"name":"(anonymous_23)","decl":{"start":{"line":144,"column":21},"end":{"line":144,"column":22}},"loc":{"start":{"line":144,"column":34},"end":{"line":146,"column":11}},"line":144},"24":{"name":"(anonymous_24)","decl":{"start":{"line":148,"column":33},"end":{"line":148,"column":34}},"loc":{"start":{"line":148,"column":46},"end":{"line":152,"column":7}},"line":148},"25":{"name":"(anonymous_25)","decl":{"start":{"line":157,"column":9},"end":{"line":157,"column":10}},"loc":{"start":{"line":157,"column":21},"end":{"line":157,"column":52}},"line":157},"26":{"name":"(anonymous_26)","decl":{"start":{"line":158,"column":9},"end":{"line":158,"column":10}},"loc":{"start":{"line":158,"column":22},"end":{"line":160,"column":7}},"line":158},"27":{"name":"(anonymous_27)","decl":{"start":{"line":358,"column":11},"end":{"line":358,"column":12}},"loc":{"start":{"line":358,"column":17},"end":{"line":368,"column":5}},"line":358},"28":{"name":"handleSelectionChange","decl":{"start":{"line":371,"column":11},"end":{"line":371,"column":32}},"loc":{"start":{"line":371,"column":40},"end":{"line":374,"column":3}},"line":371},"29":{"name":"handleSelectionItemChange","decl":{"start":{"line":376,"column":11},"end":{"line":376,"column":36}},"loc":{"start":{"line":376,"column":44},"end":{"line":379,"column":3}},"line":376},"30":{"name":"handleSelectionPopulationOption","decl":{"start":{"line":381,"column":11},"end":{"line":381,"column":42}},"loc":{"start":{"line":381,"column":50},"end":{"line":383,"column":3}},"line":381}},"branchMap":{"0":{"loc":{"start":{"line":56,"column":4},"end":{"line":68,"column":5}},"type":"if","locations":[{"start":{"line":56,"column":4},"end":{"line":68,"column":5}},{"start":{"line":56,"column":4},"end":{"line":68,"column":5}}],"line":56},"1":{"loc":{"start":{"line":86,"column":19},"end":{"line":88,"column":9}},"type":"cond-expr","locations":[{"start":{"line":87,"column":8},"end":{"line":87,"column":42}},{"start":{"line":88,"column":8},"end":{"line":88,"column":9}}],"line":86},"2":{"loc":{"start":{"line":135,"column":26},"end":{"line":137,"column":18}},"type":"cond-expr","locations":[{"start":{"line":136,"column":16},"end":{"line":136,"column":64}},{"start":{"line":137,"column":16},"end":{"line":137,"column":18}}],"line":135},"3":{"loc":{"start":{"line":139,"column":30},"end":{"line":139,"column":75}},"type":"cond-expr","locations":[{"start":{"line":139,"column":66},"end":{"line":139,"column":70}},{"start":{"line":139,"column":73},"end":{"line":139,"column":75}}],"line":139},"4":{"loc":{"start":{"line":139,"column":30},"end":{"line":139,"column":63}},"type":"binary-expr","locations":[{"start":{"line":139,"column":30},"end":{"line":139,"column":35}},{"start":{"line":139,"column":39},"end":{"line":139,"column":63}}],"line":139},"5":{"loc":{"start":{"line":314,"column":10},"end":{"line":316,"column":42}},"type":"cond-expr","locations":[{"start":{"line":315,"column":14},"end":{"line":315,"column":52}},{"start":{"line":316,"column":14},"end":{"line":316,"column":42}}],"line":314},"6":{"loc":{"start":{"line":336,"column":4},"end":{"line":356,"column":5}},"type":"if","locations":[{"start":{"line":336,"column":4},"end":{"line":356,"column":5}},{"start":{"line":336,"column":4},"end":{"line":356,"column":5}}],"line":336},"7":{"loc":{"start":{"line":387,"column":7},"end":{"line":387,"column":30}},"type":"binary-expr","locations":[{"start":{"line":387,"column":7},"end":{"line":387,"column":16}},{"start":{"line":387,"column":20},"end":{"line":387,"column":30}}],"line":387}},"s":{"0":0,"1":0,"2":0,"3":0,"4":0,"5":0,"6":0,"7":0,"8":0,"9":0,"10":0,"11":0,"12":0,"13":0,"14":0,"15":0,"16":0,"17":0,"18":0,"19":0,"20":0,"21":0,"22":0,"23":0,"24":0,"25":0,"26":0,"27":0,"28":0,"29":0,"30":0,"31":0,"32":0,"33":0,"34":0,"35":0,"36":0,"37":0,"38":0,"39":0,"40":0,"41":0,"42":0,"43":0,"44":0,"45":0,"46":0,"47":0,"48":0,"49":0,"50":0,"51":0,"52":0,"53":0,"54":0,"55":0,"56":0,"57":0,"58":0,"59":0,"60":0,"61":0,"62":0,"63":0,"64":0,"65":0,"66":0,"67":0,"68":0,"69":0,"70":0,"71":0,"72":0,"73":0,"74":0,"75":0,"76":0,"77":0,"78":0,"79":0,"80":0,"81":0,"82":0,"83":0,"84":0},"f":{"0":0,"1":0,"2":0,"3":0,"4":0,"5":0,"6":0,"7":0,"8":0,"9":0,"10":0,"11":0,"12":0,"13":0,"14":0,"15":0,"16":0,"17":0,"18":0,"19":0,"20":0,"21":0,"22":0,"23":0,"24":0,"25":0,"26":0,"27":0,"28":0,"29":0,"30":0},"b":{"0":[0,0],"1":[0,0],"2":[0,0],"3":[0,0],"4":[0,0],"5":[0,0],"6":[0,0],"7":[0,0]},"hash":"145754832b724438cf84890828ee2a8606bb1157"}
,"/home/jfmajurel/Documents/cod-19/src/Services/apiCall.js": {"path":"/home/jfmajurel/Documents/cod-19/src/Services/apiCall.js","statementMap":{"0":{"start":{"line":2,"column":17},"end":{"line":7,"column":3}},"1":{"start":{"line":8,"column":2},"end":{"line":8,"column":64}},"2":{"start":{"line":8,"column":15},"end":{"line":8,"column":64}},"3":{"start":{"line":9,"column":2},"end":{"line":9,"column":50}},"4":{"start":{"line":9,"column":24},"end":{"line":9,"column":50}},"5":{"start":{"line":10,"column":2},"end":{"line":10,"column":49}},"6":{"start":{"line":10,"column":14},"end":{"line":10,"column":49}},"7":{"start":{"line":11,"column":2},"end":{"line":13,"column":24}},"8":{"start":{"line":12,"column":19},"end":{"line":12,"column":29}}},"fnMap":{"0":{"name":"apiCall","decl":{"start":{"line":1,"column":24},"end":{"line":1,"column":31}},"loc":{"start":{"line":1,"column":72},"end":{"line":14,"column":1}},"line":1},"1":{"name":"(anonymous_1)","decl":{"start":{"line":12,"column":10},"end":{"line":12,"column":11}},"loc":{"start":{"line":12,"column":19},"end":{"line":12,"column":29}},"line":12}},"branchMap":{"0":{"loc":{"start":{"line":1,"column":45},"end":{"line":1,"column":57}},"type":"default-arg","locations":[{"start":{"line":1,"column":53},"end":{"line":1,"column":57}}],"line":1},"1":{"loc":{"start":{"line":1,"column":59},"end":{"line":1,"column":70}},"type":"default-arg","locations":[{"start":{"line":1,"column":66},"end":{"line":1,"column":70}}],"line":1},"2":{"loc":{"start":{"line":8,"column":2},"end":{"line":8,"column":64}},"type":"if","locations":[{"start":{"line":8,"column":2},"end":{"line":8,"column":64}},{"start":{"line":8,"column":2},"end":{"line":8,"column":64}}],"line":8},"3":{"loc":{"start":{"line":9,"column":2},"end":{"line":9,"column":50}},"type":"if","locations":[{"start":{"line":9,"column":2},"end":{"line":9,"column":50}},{"start":{"line":9,"column":2},"end":{"line":9,"column":50}}],"line":9},"4":{"loc":{"start":{"line":10,"column":2},"end":{"line":10,"column":49}},"type":"if","locations":[{"start":{"line":10,"column":2},"end":{"line":10,"column":49}},{"start":{"line":10,"column":2},"end":{"line":10,"column":49}}],"line":10}},"s":{"0":0,"1":0,"2":0,"3":0,"4":0,"5":0,"6":0,"7":0,"8":0},"f":{"0":0,"1":0},"b":{"0":[0],"1":[0],"2":[0,0],"3":[0,0],"4":[0,0]},"hash":"82eea6c753b0a6256c938f8af4703352c65478de"}
,"/home/jfmajurel/Documents/cod-19/src/Services/GP/profileService.js": {"path":"/home/jfmajurel/Documents/cod-19/src/Services/GP/profileService.js","statementMap":{"0":{"start":{"line":5,"column":2},"end":{"line":9,"column":4}},"1":{"start":{"line":12,"column":2},"end":{"line":17,"column":4}},"2":{"start":{"line":20,"column":2},"end":{"line":25,"column":4}}},"fnMap":{"0":{"name":"getProfileByEmail","decl":{"start":{"line":4,"column":9},"end":{"line":4,"column":26}},"loc":{"start":{"line":4,"column":34},"end":{"line":10,"column":1}},"line":4},"1":{"name":"createProfile","decl":{"start":{"line":11,"column":9},"end":{"line":11,"column":22}},"loc":{"start":{"line":11,"column":35},"end":{"line":18,"column":1}},"line":11},"2":{"name":"updateProfile","decl":{"start":{"line":19,"column":9},"end":{"line":19,"column":22}},"loc":{"start":{"line":19,"column":43},"end":{"line":26,"column":1}},"line":19}},"branchMap":{},"s":{"0":0,"1":0,"2":0},"f":{"0":0,"1":0,"2":0},"b":{},"hash":"b8a5aa130983cc5ae27f5537e7e8c900ec3aedcf"}
,"/home/jfmajurel/Documents/cod-19/src/Services/GP/specialityService.js": {"path":"/home/jfmajurel/Documents/cod-19/src/Services/GP/specialityService.js","statementMap":{"0":{"start":{"line":4,"column":2},"end":{"line":4,"column":75}}},"fnMap":{"0":{"name":"getAllSpecialities","decl":{"start":{"line":3,"column":9},"end":{"line":3,"column":27}},"loc":{"start":{"line":3,"column":30},"end":{"line":5,"column":1}},"line":3}},"branchMap":{},"s":{"0":0},"f":{"0":0},"b":{},"hash":"b6bf5161671ac447305b6185c7b6c545aa45b39f"}
,"/home/jfmajurel/Documents/cod-19/src/Services/Health/conditionService.js": {"path":"/home/jfmajurel/Documents/cod-19/src/Services/Health/conditionService.js","statementMap":{"0":{"start":{"line":4,"column":2},"end":{"line":4,"column":70}}},"fnMap":{"0":{"name":"getAllConditions","decl":{"start":{"line":3,"column":9},"end":{"line":3,"column":25}},"loc":{"start":{"line":3,"column":28},"end":{"line":5,"column":1}},"line":3}},"branchMap":{},"s":{"0":0},"f":{"0":0},"b":{},"hash":"fded098b1c54d6ea8717fb43fff6fa8d4d517ccc"}
,"/home/jfmajurel/Documents/cod-19/src/Services/Health/symptomService.js": {"path":"/home/jfmajurel/Documents/cod-19/src/Services/Health/symptomService.js","statementMap":{"0":{"start":{"line":4,"column":2},"end":{"line":4,"column":68}}},"fnMap":{"0":{"name":"getAllSymptoms","decl":{"start":{"line":3,"column":9},"end":{"line":3,"column":23}},"loc":{"start":{"line":3,"column":26},"end":{"line":5,"column":1}},"line":3}},"branchMap":{},"s":{"0":0},"f":{"0":0},"b":{},"hash":"97acca4f5104e6e96ffc35b5aef7c3dad831a4a0"}
,"/home/jfmajurel/Documents/cod-19/src/Services/Patient/patientService.js": {"path":"/home/jfmajurel/Documents/cod-19/src/Services/Patient/patientService.js","statementMap":{"0":{"start":{"line":5,"column":2},"end":{"line":10,"column":4}},"1":{"start":{"line":14,"column":2},"end":{"line":18,"column":4}}},"fnMap":{"0":{"name":"postPatient","decl":{"start":{"line":4,"column":9},"end":{"line":4,"column":20}},"loc":{"start":{"line":4,"column":33},"end":{"line":11,"column":1}},"line":4},"1":{"name":"getAllPatient","decl":{"start":{"line":13,"column":9},"end":{"line":13,"column":22}},"loc":{"start":{"line":13,"column":25},"end":{"line":19,"column":1}},"line":13}},"branchMap":{},"s":{"0":0,"1":0},"f":{"0":0,"1":0},"b":{},"hash":"ab99daa7ffb0f4be58232338476b72ef0632cb6f"}
,"/home/jfmajurel/Documents/cod-19/src/Services/Situation/countryService.js": {"path":"/home/jfmajurel/Documents/cod-19/src/Services/Situation/countryService.js","statementMap":{"0":{"start":{"line":4,"column":2},"end":{"line":6,"column":32}},"1":{"start":{"line":6,"column":16},"end":{"line":6,"column":30}},"2":{"start":{"line":10,"column":2},"end":{"line":10,"column":62}}},"fnMap":{"0":{"name":"getSituationByCountry","decl":{"start":{"line":3,"column":9},"end":{"line":3,"column":30}},"loc":{"start":{"line":3,"column":44},"end":{"line":7,"column":1}},"line":3},"1":{"name":"(anonymous_1)","decl":{"start":{"line":6,"column":9},"end":{"line":6,"column":10}},"loc":{"start":{"line":6,"column":16},"end":{"line":6,"column":30}},"line":6},"2":{"name":"getAllCountries","decl":{"start":{"line":9,"column":9},"end":{"line":9,"column":24}},"loc":{"start":{"line":9,"column":27},"end":{"line":11,"column":1}},"line":9}},"branchMap":{},"s":{"0":0,"1":0,"2":0},"f":{"0":0,"1":0,"2":0},"b":{},"hash":"1c23eafa386cc8ba50fa22e0bb45a5ef581d69e1"}
,"/home/jfmajurel/Documents/cod-19/src/Services/Situation/situationService.js": {"path":"/home/jfmajurel/Documents/cod-19/src/Services/Situation/situationService.js","statementMap":{"0":{"start":{"line":4,"column":2},"end":{"line":7,"column":4}}},"fnMap":{"0":{"name":"getAllGlobalSituations","decl":{"start":{"line":3,"column":9},"end":{"line":3,"column":31}},"loc":{"start":{"line":3,"column":34},"end":{"line":8,"column":1}},"line":3}},"branchMap":{},"s":{"0":0},"f":{"0":0},"b":{},"hash":"514052f0ad2faf4af4e7957b4194e170a3caf5a0"}
}
