TN:
SF:/home/jfmajurel/Documents/cod-19/src/App.js
FN:23,App
FN:29,handleConnexion
FN:32,(anonymous_2)
FN:41,handleProfileSubmition
FN:45,(anonymous_4)
FN:59,(anonymous_5)
FNF:6
FNH:0
FNDA:0,App
FNDA:0,handleConnexion
FNDA:0,(anonymous_2)
FNDA:0,handleProfileSubmition
FNDA:0,(anonymous_4)
FNDA:0,(anonymous_5)
DA:24,0
DA:25,0
DA:26,0
DA:27,0
DA:30,0
DA:31,0
DA:32,0
DA:33,0
DA:34,0
DA:37,0
DA:42,0
DA:45,0
DA:48,0
DA:49,0
DA:50,0
DA:52,0
DA:53,0
DA:59,0
DA:60,0
DA:63,0
DA:64,0
LF:21
LH:0
BRDA:31,0,0,0
BRDA:31,0,1,0
BRDA:33,1,0,0
BRDA:33,1,1,0
BRDA:48,2,0,0
BRDA:48,2,1,0
BRF:6
BRH:0
end_of_record
TN:
SF:/home/jfmajurel/Documents/cod-19/src/i18n.js
FNF:0
FNH:0
DA:9,3
DA:14,3
LF:2
LH:2
BRF:0
BRH:0
end_of_record
TN:
SF:/home/jfmajurel/Documents/cod-19/src/index.js
FNF:0
FNH:0
DA:7,0
DA:8,0
LF:2
LH:0
BRF:0
BRH:0
end_of_record
TN:
SF:/home/jfmajurel/Documents/cod-19/src/Auth/Auth.js
FN:4,(anonymous_0)
FN:22,(anonymous_1)
FN:26,(anonymous_2)
FN:30,(anonymous_3)
FN:34,(anonymous_4)
FN:37,(anonymous_5)
FN:41,(anonymous_6)
FN:42,(anonymous_7)
FN:43,(anonymous_8)
FN:57,(anonymous_9)
FNF:10
FNH:0
FNDA:0,(anonymous_0)
FNDA:0,(anonymous_1)
FNDA:0,(anonymous_2)
FNDA:0,(anonymous_3)
FNDA:0,(anonymous_4)
FNDA:0,(anonymous_5)
FNDA:0,(anonymous_6)
FNDA:0,(anonymous_7)
FNDA:0,(anonymous_8)
FNDA:0,(anonymous_9)
DA:5,0
DA:15,0
DA:16,0
DA:17,0
DA:18,0
DA:19,0
DA:23,0
DA:27,0
DA:31,0
DA:34,0
DA:35,0
DA:38,0
DA:42,0
DA:43,0
DA:44,0
DA:45,0
DA:46,0
DA:48,0
DA:49,0
DA:51,0
DA:52,0
DA:59,0
DA:60,0
DA:61,0
DA:65,0
LF:25
LH:0
BRDA:44,0,0,0
BRDA:44,0,1,0
BRDA:45,1,0,0
BRDA:45,1,1,0
BRDA:45,2,0,0
BRDA:45,2,1,0
BRF:6
BRH:0
end_of_record
TN:
SF:/home/jfmajurel/Documents/cod-19/src/Auth/Callback.js
FN:6,(anonymous_0)
FN:14,(anonymous_1)
FNF:2
FNH:0
FNDA:0,(anonymous_0)
FNDA:0,(anonymous_1)
DA:7,0
DA:8,0
DA:9,0
DA:15,0
LF:4
LH:0
BRDA:9,0,0,0
BRDA:9,0,1,0
BRF:2
BRH:0
end_of_record
TN:
SF:/home/jfmajurel/Documents/cod-19/src/Auth/SecuredRoute.js
FN:5,SecuredRoute
FN:10,(anonymous_1)
FNF:2
FNH:0
FNDA:0,SecuredRoute
FNDA:0,(anonymous_1)
DA:6,0
DA:7,0
DA:11,0
DA:12,0
DA:13,0
DA:15,0
LF:6
LH:0
BRDA:11,0,0,0
BRDA:11,0,1,0
BRF:2
BRH:0
end_of_record
TN:
SF:/home/jfmajurel/Documents/cod-19/src/Components/Address.js
FN:4,(anonymous_0)
FN:24,(anonymous_1)
FN:35,(anonymous_2)
FN:46,(anonymous_3)
FN:57,(anonymous_4)
FN:68,(anonymous_5)
FN:80,(anonymous_6)
FNF:7
FNH:1
FNDA:1,(anonymous_0)
FNDA:0,(anonymous_1)
FNDA:0,(anonymous_2)
FNDA:0,(anonymous_3)
FNDA:0,(anonymous_4)
FNDA:0,(anonymous_5)
FNDA:0,(anonymous_6)
DA:4,1
DA:5,1
DA:6,0
DA:14,1
DA:15,1
DA:17,1
DA:25,0
DA:26,0
DA:36,0
DA:37,0
DA:47,0
DA:48,0
DA:58,0
DA:59,0
DA:69,0
DA:70,0
DA:81,0
DA:82,0
LF:18
LH:5
BRDA:5,0,0,0
BRDA:5,0,1,1
BRDA:5,1,0,1
BRDA:5,1,1,1
BRF:4
BRH:3
end_of_record
TN:
SF:/home/jfmajurel/Documents/cod-19/src/Components/AllGood.js
FN:5,(anonymous_0)
FNF:1
FNH:1
FNDA:2,(anonymous_0)
DA:5,1
DA:7,2
DA:8,2
LF:3
LH:3
BRF:0
BRH:0
end_of_record
TN:
SF:/home/jfmajurel/Documents/cod-19/src/Components/FirstStepScreening.js
FN:6,(anonymous_0)
FN:14,(anonymous_1)
FN:19,(anonymous_2)
FN:24,(anonymous_3)
FN:31,(anonymous_4)
FN:39,(anonymous_5)
FN:57,(anonymous_6)
FNF:7
FNH:3
FNDA:2,(anonymous_0)
FNDA:0,(anonymous_1)
FNDA:0,(anonymous_2)
FNDA:0,(anonymous_3)
FNDA:0,(anonymous_4)
FNDA:2,(anonymous_5)
FNDA:3,(anonymous_6)
DA:7,2
DA:9,2
DA:14,2
DA:15,0
DA:16,0
DA:19,2
DA:20,0
DA:21,0
DA:22,0
DA:23,0
DA:24,0
DA:26,0
DA:27,0
DA:29,0
DA:30,0
DA:31,0
DA:34,0
DA:40,2
DA:50,2
DA:58,3
LF:20
LH:7
BRDA:26,0,0,0
BRDA:26,0,1,0
BRDA:27,1,0,0
BRDA:27,1,1,0
BRDA:29,2,0,0
BRDA:29,2,1,0
BRDA:56,3,0,2
BRDA:56,3,1,1
BRDA:60,4,0,3
BRDA:60,4,1,0
BRDA:62,5,0,0
BRDA:62,5,1,3
BRF:12
BRH:4
end_of_record
TN:
SF:/home/jfmajurel/Documents/cod-19/src/Components/Footer.js
FN:5,(anonymous_0)
FNF:1
FNH:1
FNDA:1,(anonymous_0)
DA:5,1
DA:6,1
DA:8,1
LF:3
LH:3
BRF:0
BRH:0
end_of_record
TN:
SF:/home/jfmajurel/Documents/cod-19/src/Components/GraphSelector.js
FN:4,(anonymous_0)
FN:9,(anonymous_1)
FNF:2
FNH:1
FNDA:3,(anonymous_0)
FNDA:0,(anonymous_1)
DA:4,1
DA:5,3
DA:10,0
LF:3
LH:2
BRF:0
BRH:0
end_of_record
TN:
SF:/home/jfmajurel/Documents/cod-19/src/Components/Home.js
FN:6,(anonymous_0)
FNF:1
FNH:0
FNDA:0,(anonymous_0)
DA:6,1
DA:7,0
DA:8,0
LF:3
LH:1
BRF:0
BRH:0
end_of_record
TN:
SF:/home/jfmajurel/Documents/cod-19/src/Components/Loader.js
FN:4,(anonymous_0)
FNF:1
FNH:0
FNDA:0,(anonymous_0)
DA:4,0
DA:5,0
LF:2
LH:0
BRF:0
BRH:0
end_of_record
TN:
SF:/home/jfmajurel/Documents/cod-19/src/Components/NavBar.js
FN:6,(anonymous_0)
FN:8,(anonymous_1)
FN:57,(anonymous_2)
FNF:3
FNH:0
FNDA:0,(anonymous_0)
FNDA:0,(anonymous_1)
FNDA:0,(anonymous_2)
DA:6,0
DA:7,0
DA:8,0
DA:9,0
DA:10,0
DA:12,0
DA:58,0
LF:7
LH:0
BRDA:30,0,0,0
BRDA:30,0,1,0
BRDA:38,1,0,0
BRDA:38,1,1,0
BRDA:47,2,0,0
BRDA:47,2,1,0
BRF:6
BRH:0
end_of_record
TN:
SF:/home/jfmajurel/Documents/cod-19/src/Components/PotentialSickCase.js
FN:4,(anonymous_0)
FNF:1
FNH:0
FNDA:0,(anonymous_0)
DA:4,0
DA:5,0
DA:6,0
LF:3
LH:0
BRF:0
BRH:0
end_of_record
TN:
SF:/home/jfmajurel/Documents/cod-19/src/Components/Profile.js
FN:8,(anonymous_0)
FN:23,handleSubmit
FN:35,handleAddressChange
FN:39,handleSpecialityChange
FN:64,(anonymous_4)
FN:74,(anonymous_5)
FN:82,(anonymous_6)
FNF:7
FNH:0
FNDA:0,(anonymous_0)
FNDA:0,handleSubmit
FNDA:0,handleAddressChange
FNDA:0,handleSpecialityChange
FNDA:0,(anonymous_4)
FNDA:0,(anonymous_5)
FNDA:0,(anonymous_6)
DA:8,0
DA:9,0
DA:11,0
DA:14,0
DA:17,0
DA:20,0
DA:21,0
DA:24,0
DA:25,0
DA:32,0
DA:36,0
DA:40,0
DA:41,0
DA:44,0
DA:64,0
DA:74,0
DA:83,0
LF:17
LH:0
BRDA:12,0,0,0
BRDA:12,0,1,0
BRDA:15,1,0,0
BRDA:15,1,1,0
BRDA:18,2,0,0
BRDA:18,2,1,0
BRDA:81,3,0,0
BRDA:81,3,1,0
BRDA:84,4,0,0
BRDA:84,4,1,0
BRDA:84,5,0,0
BRDA:84,5,1,0
BRF:12
BRH:0
end_of_record
TN:
SF:/home/jfmajurel/Documents/cod-19/src/Components/Protection.js
FN:5,(anonymous_0)
FNF:1
FNH:0
FNDA:0,(anonymous_0)
DA:5,0
DA:6,0
DA:7,0
LF:3
LH:0
BRF:0
BRH:0
end_of_record
TN:
SF:/home/jfmajurel/Documents/cod-19/src/Components/SecondStepScreening.js
FN:5,(anonymous_0)
FN:11,handleSubmit
FN:16,handleConditionUpdate
FN:35,(anonymous_3)
FN:51,(anonymous_4)
FN:63,(anonymous_5)
FN:80,(anonymous_6)
FNF:7
FNH:0
FNDA:0,(anonymous_0)
FNDA:0,handleSubmit
FNDA:0,handleConditionUpdate
FNDA:0,(anonymous_3)
FNDA:0,(anonymous_4)
FNDA:0,(anonymous_5)
FNDA:0,(anonymous_6)
DA:5,0
DA:6,0
DA:7,0
DA:8,0
DA:9,0
DA:10,0
DA:12,0
DA:13,0
DA:17,0
DA:18,0
DA:19,0
DA:20,0
DA:21,0
DA:23,0
DA:26,0
DA:35,0
DA:51,0
DA:64,0
DA:80,0
LF:19
LH:0
BRDA:21,0,0,0
BRDA:21,0,1,0
BRDA:62,1,0,0
BRDA:62,1,1,0
BRDA:65,2,0,0
BRDA:65,2,1,0
BRF:6
BRH:0
end_of_record
TN:
SF:/home/jfmajurel/Documents/cod-19/src/Containers/Patients.js
FN:9,(anonymous_0)
FN:19,(anonymous_1)
FN:22,(anonymous_2)
FN:31,(anonymous_3)
FN:32,(anonymous_4)
FN:40,(anonymous_5)
FN:49,(anonymous_6)
FN:50,(anonymous_7)
FN:53,(anonymous_8)
FN:71,(anonymous_9)
FN:82,(anonymous_10)
FN:98,(anonymous_11)
FN:100,(anonymous_12)
FN:101,(anonymous_13)
FN:113,(anonymous_14)
FN:115,(anonymous_15)
FN:116,(anonymous_16)
FN:119,(anonymous_17)
FN:172,(anonymous_18)
FNF:19
FNH:0
FNDA:0,(anonymous_0)
FNDA:0,(anonymous_1)
FNDA:0,(anonymous_2)
FNDA:0,(anonymous_3)
FNDA:0,(anonymous_4)
FNDA:0,(anonymous_5)
FNDA:0,(anonymous_6)
FNDA:0,(anonymous_7)
FNDA:0,(anonymous_8)
FNDA:0,(anonymous_9)
FNDA:0,(anonymous_10)
FNDA:0,(anonymous_11)
FNDA:0,(anonymous_12)
FNDA:0,(anonymous_13)
FNDA:0,(anonymous_14)
FNDA:0,(anonymous_15)
FNDA:0,(anonymous_16)
FNDA:0,(anonymous_17)
FNDA:0,(anonymous_18)
DA:9,0
DA:10,0
DA:11,0
DA:12,0
DA:13,0
DA:14,0
DA:16,0
DA:17,0
DA:19,0
DA:20,0
DA:21,0
DA:23,0
DA:24,0
DA:25,0
DA:26,0
DA:27,0
DA:28,0
DA:29,0
DA:32,0
DA:33,0
DA:34,0
DA:37,0
DA:40,0
DA:41,0
DA:44,0
DA:47,0
DA:49,0
DA:50,0
DA:53,0
DA:54,0
DA:55,0
DA:56,0
DA:57,0
DA:59,0
DA:68,0
DA:71,0
DA:74,0
DA:80,0
DA:82,0
DA:83,0
DA:90,0
DA:92,0
DA:98,0
DA:100,0
DA:101,0
DA:106,0
DA:113,0
DA:115,0
DA:116,0
DA:119,0
DA:121,0
DA:127,0
DA:136,0
DA:147,0
DA:162,0
DA:172,0
DA:173,0
DA:174,0
DA:175,0
DA:177,0
DA:179,0
DA:180,0
DA:181,0
DA:185,0
LF:64
LH:0
BRDA:34,0,0,0
BRDA:34,0,1,0
BRDA:41,1,0,0
BRDA:41,1,1,0
BRDA:187,2,0,0
BRDA:187,2,1,0
BRF:6
BRH:0
end_of_record
TN:
SF:/home/jfmajurel/Documents/cod-19/src/Containers/Screening.js
FN:13,(anonymous_0)
FN:22,(anonymous_1)
FN:26,(anonymous_2)
FN:30,(anonymous_3)
FN:34,handleSubmit
FN:38,handleStepTwo
FNF:6
FNH:0
FNDA:0,(anonymous_0)
FNDA:0,(anonymous_1)
FNDA:0,(anonymous_2)
FNDA:0,(anonymous_3)
FNDA:0,handleSubmit
FNDA:0,handleStepTwo
DA:13,0
DA:14,0
DA:15,0
DA:16,0
DA:17,0
DA:18,0
DA:19,0
DA:20,0
DA:22,0
DA:23,0
DA:25,0
DA:27,0
DA:28,0
DA:30,0
DA:35,0
DA:36,0
DA:39,0
DA:40,0
DA:44,0
DA:48,0
LF:20
LH:0
BRDA:44,0,0,0
BRDA:44,0,1,0
BRDA:50,1,0,0
BRDA:50,1,1,0
BRF:4
BRH:0
end_of_record
TN:
SF:/home/jfmajurel/Documents/cod-19/src/Containers/Situation.js
FN:11,(anonymous_0)
FN:33,(anonymous_1)
FN:35,handleCountriesChange
FN:40,(anonymous_3)
FN:41,(anonymous_4)
FN:44,(anonymous_5)
FN:45,(anonymous_6)
FN:48,(anonymous_7)
FN:50,handleSituationsChange
FN:51,(anonymous_9)
FN:60,(anonymous_10)
FN:61,(anonymous_11)
FN:66,(anonymous_12)
FN:67,(anonymous_13)
FN:71,(anonymous_14)
FN:85,(anonymous_15)
FN:91,(anonymous_16)
FN:119,(anonymous_17)
FN:121,(anonymous_18)
FN:122,(anonymous_19)
FN:123,(anonymous_20)
FN:134,(anonymous_21)
FN:141,(anonymous_22)
FN:144,(anonymous_23)
FN:148,(anonymous_24)
FN:157,(anonymous_25)
FN:158,(anonymous_26)
FN:358,(anonymous_27)
FN:371,handleSelectionChange
FN:376,handleSelectionItemChange
FN:381,handleSelectionPopulationOption
FNF:31
FNH:0
FNDA:0,(anonymous_0)
FNDA:0,(anonymous_1)
FNDA:0,handleCountriesChange
FNDA:0,(anonymous_3)
FNDA:0,(anonymous_4)
FNDA:0,(anonymous_5)
FNDA:0,(anonymous_6)
FNDA:0,(anonymous_7)
FNDA:0,handleSituationsChange
FNDA:0,(anonymous_9)
FNDA:0,(anonymous_10)
FNDA:0,(anonymous_11)
FNDA:0,(anonymous_12)
FNDA:0,(anonymous_13)
FNDA:0,(anonymous_14)
FNDA:0,(anonymous_15)
FNDA:0,(anonymous_16)
FNDA:0,(anonymous_17)
FNDA:0,(anonymous_18)
FNDA:0,(anonymous_19)
FNDA:0,(anonymous_20)
FNDA:0,(anonymous_21)
FNDA:0,(anonymous_22)
FNDA:0,(anonymous_23)
FNDA:0,(anonymous_24)
FNDA:0,(anonymous_25)
FNDA:0,(anonymous_26)
FNDA:0,(anonymous_27)
FNDA:0,handleSelectionChange
FNDA:0,handleSelectionItemChange
FNDA:0,handleSelectionPopulationOption
DA:11,0
DA:12,0
DA:13,0
DA:19,0
DA:20,0
DA:21,0
DA:22,0
DA:26,0
DA:27,0
DA:31,0
DA:32,0
DA:33,0
DA:34,0
DA:36,0
DA:38,0
DA:41,0
DA:44,0
DA:45,0
DA:48,0
DA:49,0
DA:51,0
DA:52,0
DA:54,0
DA:56,0
DA:57,0
DA:60,0
DA:61,0
DA:63,0
DA:66,0
DA:67,0
DA:71,0
DA:72,0
DA:73,0
DA:74,0
DA:75,0
DA:77,0
DA:85,0
DA:86,0
DA:89,0
DA:91,0
DA:95,0
DA:101,0
DA:103,0
DA:104,0
DA:112,0
DA:119,0
DA:121,0
DA:122,0
DA:124,0
DA:126,0
DA:135,0
DA:139,0
DA:142,0
DA:145,0
DA:149,0
DA:151,0
DA:154,0
DA:157,0
DA:159,0
DA:162,0
DA:273,0
DA:282,0
DA:288,0
DA:303,0
DA:320,0
DA:322,0
DA:336,0
DA:337,0
DA:348,0
DA:358,0
DA:359,0
DA:360,0
DA:361,0
DA:363,0
DA:365,0
DA:366,0
DA:367,0
DA:372,0
DA:373,0
DA:377,0
DA:378,0
DA:382,0
DA:385,0
LF:83
LH:0
BRDA:56,0,0,0
BRDA:56,0,1,0
BRDA:86,1,0,0
BRDA:86,1,1,0
BRDA:135,2,0,0
BRDA:135,2,1,0
BRDA:139,3,0,0
BRDA:139,3,1,0
BRDA:139,4,0,0
BRDA:139,4,1,0
BRDA:314,5,0,0
BRDA:314,5,1,0
BRDA:336,6,0,0
BRDA:336,6,1,0
BRDA:387,7,0,0
BRDA:387,7,1,0
BRF:16
BRH:0
end_of_record
TN:
SF:/home/jfmajurel/Documents/cod-19/src/Services/apiCall.js
FN:1,apiCall
FN:12,(anonymous_1)
FNF:2
FNH:0
FNDA:0,apiCall
FNDA:0,(anonymous_1)
DA:2,0
DA:8,0
DA:9,0
DA:10,0
DA:11,0
DA:12,0
LF:6
LH:0
BRDA:1,0,0,0
BRDA:1,1,0,0
BRDA:8,2,0,0
BRDA:8,2,1,0
BRDA:9,3,0,0
BRDA:9,3,1,0
BRDA:10,4,0,0
BRDA:10,4,1,0
BRF:8
BRH:0
end_of_record
TN:
SF:/home/jfmajurel/Documents/cod-19/src/Services/GP/profileService.js
FN:4,getProfileByEmail
FN:11,createProfile
FN:19,updateProfile
FNF:3
FNH:0
FNDA:0,getProfileByEmail
FNDA:0,createProfile
FNDA:0,updateProfile
DA:5,0
DA:12,0
DA:20,0
LF:3
LH:0
BRF:0
BRH:0
end_of_record
TN:
SF:/home/jfmajurel/Documents/cod-19/src/Services/GP/specialityService.js
FN:3,getAllSpecialities
FNF:1
FNH:0
FNDA:0,getAllSpecialities
DA:4,0
LF:1
LH:0
BRF:0
BRH:0
end_of_record
TN:
SF:/home/jfmajurel/Documents/cod-19/src/Services/Health/conditionService.js
FN:3,getAllConditions
FNF:1
FNH:0
FNDA:0,getAllConditions
DA:4,0
LF:1
LH:0
BRF:0
BRH:0
end_of_record
TN:
SF:/home/jfmajurel/Documents/cod-19/src/Services/Health/symptomService.js
FN:3,getAllSymptoms
FNF:1
FNH:0
FNDA:0,getAllSymptoms
DA:4,0
LF:1
LH:0
BRF:0
BRH:0
end_of_record
TN:
SF:/home/jfmajurel/Documents/cod-19/src/Services/Patient/patientService.js
FN:4,postPatient
FN:13,getAllPatient
FNF:2
FNH:0
FNDA:0,postPatient
FNDA:0,getAllPatient
DA:5,0
DA:14,0
LF:2
LH:0
BRF:0
BRH:0
end_of_record
TN:
SF:/home/jfmajurel/Documents/cod-19/src/Services/Situation/countryService.js
FN:3,getSituationByCountry
FN:6,(anonymous_1)
FN:9,getAllCountries
FNF:3
FNH:0
FNDA:0,getSituationByCountry
FNDA:0,(anonymous_1)
FNDA:0,getAllCountries
DA:4,0
DA:6,0
DA:10,0
LF:3
LH:0
BRF:0
BRH:0
end_of_record
TN:
SF:/home/jfmajurel/Documents/cod-19/src/Services/Situation/situationService.js
FN:3,getAllGlobalSituations
FNF:1
FNH:0
FNDA:0,getAllGlobalSituations
DA:4,0
LF:1
LH:0
BRF:0
BRH:0
end_of_record
